#
# There is insufficient memory for the Java Runtime Environment to continue.
# Native memory allocation (malloc) failed to allocate 1001296 bytes for Chunk::new
# Possible reasons:
#   The system is out of physical RAM or swap space
#   The process is running with CompressedOops enabled, and the Java Heap may be blocking the growth of the native heap
# Possible solutions:
#   Reduce memory load on the system
#   Increase physical memory or swap space
#   Check if swap backing store is full
#   Decrease Java heap size (-Xmx/-Xms)
#   Decrease number of Java threads
#   Decrease Java thread stack sizes (-Xss)
#   Set larger code cache with -XX:ReservedCodeCacheSize=
#   JVM is running with Unscaled Compressed Oops mode in which the Java heap is
#     placed in the first 4GB address space. The Java Heap base address is the
#     maximum limit for the native heap growth. Please use -XX:HeapBaseMinAddress
#     to set the Java Heap base and to place the Java Heap above 4GB virtual address.
# This output file may be truncated or incomplete.
#
#  Out of Memory Error (arena.cpp:189), pid=12812, tid=4080
#
# JRE version: OpenJDK Runtime Environment (17.0.7) (build 17.0.7+0-b2043.56-10550314)
# Java VM: OpenJDK 64-Bit Server VM (17.0.7+0-b2043.56-10550314, mixed mode, tiered, compressed oops, compressed class ptrs, g1 gc, windows-amd64)
# No core dump will be written. Minidumps are not enabled by default on client versions of Windows
#

---------------  S U M M A R Y ------------

Command Line: -Dapplication.home=D:\Program Files (x86)\AndroidStudio\jbr --add-modules=ALL-DEFAULT -Xms8m -Djdk.module.main=jdk.jlink jdk.jlink/jdk.tools.jlink.internal.Main --module-path C:\Users\etoth\.gradle\caches\transforms-3\2134b73eb73c5dfcb7ded56273440474\transformed\output\temp\jmod --add-modules java.base --output C:\Users\etoth\.gradle\caches\transforms-3\2134b73eb73c5dfcb7ded56273440474\transformed\output\jdkImage --disable-plugin system-modules

Host: AMD Ryzen 5 3500U with Radeon Vega Mobile Gfx  , 8 cores, 6G,  Windows 10 , 64 bit Build 19041 (10.0.19041.3636)
Time: Fri Mar  8 19:09:39 2024 RTZ 2 (s 10 , 64 bit Build 19041 (10.0.19041.3636) elapsed time: 0.721389 seconds (0d 0h 0m 0s)

---------------  T H R E A D  ---------------

Current thread (0x00000240be12b000):  JavaThread "C2 CompilerThread0" daemon [_thread_in_native, id=4080, stack(0x000000ff5da00000,0x000000ff5db00000)]


Current CompileTask:
C2:    721  971       4       jdk.internal.org.objectweb.asm.Frame::execute (2305 bytes)

Stack: [0x000000ff5da00000,0x000000ff5db00000]
Native frames: (J=compiled Java code, j=interpreted, Vv=VM code, C=native code)
V  [jvm.dll+0x683bfa]
V  [jvm.dll+0x8430a4]
V  [jvm.dll+0x8449be]
V  [jvm.dll+0x845023]
V  [jvm.dll+0x24ad2f]
V  [jvm.dll+0xac25c]
V  [jvm.dll+0xac82c]
V  [jvm.dll+0x2b218f]
V  [jvm.dll+0x58c2f7]
V  [jvm.dll+0x225a12]
V  [jvm.dll+0x225def]
V  [jvm.dll+0x21f0b5]
V  [jvm.dll+0x21c56b]
V  [jvm.dll+0x1a605d]
V  [jvm.dll+0x22c148]
V  [jvm.dll+0x22a209]
V  [jvm.dll+0x7f858c]
V  [jvm.dll+0x7f2aea]
V  [jvm.dll+0x682a35]
C  [ucrtbase.dll+0x21bb2]
C  [KERNEL32.DLL+0x17344]
C  [ntdll.dll+0x526b1]


---------------  P R O C E S S  ---------------

Threads class SMR info:
_java_thread_list=0x00000240be75c490, length=13, elements={
0x00000240a2d3edb0, 0x00000240a2e0e400, 0x00000240be0f42a0, 0x00000240be0de510,
0x00000240be10b3d0, 0x00000240be10bd90, 0x00000240be12a410, 0x00000240be12b000,
0x00000240be14ad60, 0x00000240be14b660, 0x00000240be4a35d0, 0x00000240be57c410,
0x00000240be8c9740
}

Java Threads: ( => current thread )
  0x00000240a2d3edb0 JavaThread "main" [_thread_in_native, id=19812, stack(0x000000ff5cd00000,0x000000ff5ce00000)]
  0x00000240a2e0e400 JavaThread "Reference Handler" daemon [_thread_blocked, id=19376, stack(0x000000ff5d400000,0x000000ff5d500000)]
  0x00000240be0f42a0 JavaThread "Finalizer" daemon [_thread_blocked, id=20088, stack(0x000000ff5d500000,0x000000ff5d600000)]
  0x00000240be0de510 JavaThread "Signal Dispatcher" daemon [_thread_blocked, id=15356, stack(0x000000ff5d600000,0x000000ff5d700000)]
  0x00000240be10b3d0 JavaThread "Attach Listener" daemon [_thread_blocked, id=15184, stack(0x000000ff5d700000,0x000000ff5d800000)]
  0x00000240be10bd90 JavaThread "Service Thread" daemon [_thread_blocked, id=16936, stack(0x000000ff5d800000,0x000000ff5d900000)]
  0x00000240be12a410 JavaThread "Monitor Deflation Thread" daemon [_thread_blocked, id=9076, stack(0x000000ff5d900000,0x000000ff5da00000)]
=>0x00000240be12b000 JavaThread "C2 CompilerThread0" daemon [_thread_in_native, id=4080, stack(0x000000ff5da00000,0x000000ff5db00000)]
  0x00000240be14ad60 JavaThread "C1 CompilerThread0" daemon [_thread_in_native, id=16844, stack(0x000000ff5db00000,0x000000ff5dc00000)]
  0x00000240be14b660 JavaThread "Sweeper thread" daemon [_thread_blocked, id=2740, stack(0x000000ff5dc00000,0x000000ff5dd00000)]
  0x00000240be4a35d0 JavaThread "Common-Cleaner" daemon [_thread_blocked, id=13840, stack(0x000000ff5dd00000,0x000000ff5de00000)]
  0x00000240be57c410 JavaThread "Notification Thread" daemon [_thread_blocked, id=588, stack(0x000000ff5de00000,0x000000ff5df00000)]
  0x00000240be8c9740 JavaThread "C2 CompilerThread1" daemon [_thread_blocked, id=468, stack(0x000000ff5e400000,0x000000ff5e500000)]

Other Threads:
  0x00000240a2e0a7e0 VMThread "VM Thread" [stack: 0x000000ff5d300000,0x000000ff5d400000] [id=7748]
  0x00000240be509b70 WatcherThread [stack: 0x000000ff5df00000,0x000000ff5e000000] [id=15872]
  0x00000240a2d93e30 GCTaskThread "GC Thread#0" [stack: 0x000000ff5ce00000,0x000000ff5cf00000] [id=18292]
  0x00000240be61e700 GCTaskThread "GC Thread#1" [stack: 0x000000ff5e000000,0x000000ff5e100000] [id=17860]
  0x00000240be5d4750 GCTaskThread "GC Thread#2" [stack: 0x000000ff5e100000,0x000000ff5e200000] [id=18792]
  0x00000240be6d8480 GCTaskThread "GC Thread#3" [stack: 0x000000ff5e200000,0x000000ff5e300000] [id=18556]
  0x00000240be84b280 GCTaskThread "GC Thread#4" [stack: 0x000000ff5e300000,0x000000ff5e400000] [id=19328]
  0x00000240a2da3a90 ConcurrentGCThread "G1 Main Marker" [stack: 0x000000ff5cf00000,0x000000ff5d000000] [id=9608]
  0x00000240a2da4b50 ConcurrentGCThread "G1 Conc#0" [stack: 0x000000ff5d000000,0x000000ff5d100000] [id=10584]
  0x00000240a2dcf520 ConcurrentGCThread "G1 Refine#0" [stack: 0x000000ff5d100000,0x000000ff5d200000] [id=5484]
  0x00000240a2dcfe50 ConcurrentGCThread "G1 Service" [stack: 0x000000ff5d200000,0x000000ff5d300000] [id=984]

Threads with active compile tasks:
C2 CompilerThread0      799  971       4       jdk.internal.org.objectweb.asm.Frame::execute (2305 bytes)
C1 CompilerThread0      799 1381   !   3       java.util.zip.Inflater::needsInput (55 bytes)
C2 CompilerThread1      799 1389       4       java.util.Objects::equals (23 bytes)

VM state: not at safepoint (normal execution)

VM Mutex/Monitor currently owned by a thread: None

Heap address: 0x0000000091000000, size: 1776 MB, Compressed Oops mode: 32-bit

CDS archive(s) not mapped
Compressed class space mapped at: 0x0000000100000000-0x0000000140000000, reserved size: 1073741824
Narrow klass base: 0x0000000000000000, Narrow klass shift: 3, Narrow klass range: 0x140000000

GC Precious Log:
 CPUs: 8 total, 8 available
 Memory: 7103M
 Large Page Support: Disabled
 NUMA Support: Disabled
 Compressed Oops: Enabled (32-bit)
 Heap Region Size: 1M
 Heap Min Capacity: 8M
 Heap Initial Capacity: 8M
 Heap Max Capacity: 1776M
 Pre-touch: Disabled
 Parallel Workers: 8
 Concurrent Workers: 2
 Concurrent Refinement Workers: 8
 Periodic GC: Disabled

Heap:
 garbage-first heap   total 19456K, used 10806K [0x0000000091000000, 0x0000000100000000)
  region size 1024K, 8 young (8192K), 1 survivors (1024K)
 Metaspace       used 10202K, committed 10560K, reserved 1114112K
  class space    used 1018K, committed 1152K, reserved 1048576K

Heap Regions: E=young(eden), S=young(survivor), O=old, HS=humongous(starts), HC=humongous(continues), CS=collection set, F=free, OA=open archive, CA=closed archive, TAMS=top-at-mark-start (previous, next)
|   0|0x0000000091000000, 0x0000000091100000, 0x0000000091100000|100%| O|  |TAMS 0x0000000091000000, 0x0000000091000000| Untracked 
|   1|0x0000000091100000, 0x0000000091200000, 0x0000000091200000|100%| O|  |TAMS 0x0000000091100000, 0x0000000091100000| Untracked 
|   2|0x0000000091200000, 0x0000000091300000, 0x0000000091300000|100%| O|  |TAMS 0x0000000091200000, 0x0000000091200000| Untracked 
|   3|0x0000000091300000, 0x00000000913d9000, 0x0000000091400000| 84%| O|  |TAMS 0x0000000091300000, 0x0000000091300000| Untracked 
|   4|0x0000000091400000, 0x0000000091400000, 0x0000000091500000|  0%| F|  |TAMS 0x0000000091400000, 0x0000000091400000| Untracked 
|   5|0x0000000091500000, 0x0000000091500000, 0x0000000091600000|  0%| F|  |TAMS 0x0000000091500000, 0x0000000091500000| Untracked 
|   6|0x0000000091600000, 0x0000000091600000, 0x0000000091700000|  0%| F|  |TAMS 0x0000000091600000, 0x0000000091600000| Untracked 
|   7|0x0000000091700000, 0x0000000091700000, 0x0000000091800000|  0%| F|  |TAMS 0x0000000091700000, 0x0000000091700000| Untracked 
|   8|0x0000000091800000, 0x0000000091800000, 0x0000000091900000|  0%| F|  |TAMS 0x0000000091800000, 0x0000000091800000| Untracked 
|   9|0x0000000091900000, 0x0000000091900000, 0x0000000091a00000|  0%| F|  |TAMS 0x0000000091900000, 0x0000000091900000| Untracked 
|  10|0x0000000091a00000, 0x0000000091a00000, 0x0000000091b00000|  0%| F|  |TAMS 0x0000000091a00000, 0x0000000091a00000| Untracked 
|  11|0x0000000091b00000, 0x0000000091b607f0, 0x0000000091c00000| 37%| E|  |TAMS 0x0000000091b00000, 0x0000000091b00000| Complete 
|  12|0x0000000091c00000, 0x0000000091cb4be8, 0x0000000091d00000| 70%| S|CS|TAMS 0x0000000091c00000, 0x0000000091c00000| Complete 
|  13|0x0000000091d00000, 0x0000000091e00000, 0x0000000091e00000|100%| E|CS|TAMS 0x0000000091d00000, 0x0000000091d00000| Complete 
|  14|0x0000000091e00000, 0x0000000091f00000, 0x0000000091f00000|100%| E|CS|TAMS 0x0000000091e00000, 0x0000000091e00000| Complete 
|  15|0x0000000091f00000, 0x0000000092000000, 0x0000000092000000|100%| E|CS|TAMS 0x0000000091f00000, 0x0000000091f00000| Complete 
|  16|0x0000000092000000, 0x0000000092100000, 0x0000000092100000|100%| E|CS|TAMS 0x0000000092000000, 0x0000000092000000| Complete 
|  17|0x0000000092100000, 0x0000000092200000, 0x0000000092200000|100%| E|CS|TAMS 0x0000000092100000, 0x0000000092100000| Complete 
|  18|0x0000000092200000, 0x0000000092300000, 0x0000000092300000|100%| E|CS|TAMS 0x0000000092200000, 0x0000000092200000| Complete 

Card table byte_map: [0x00000240b77e0000,0x00000240b7b60000] _byte_map_base: 0x00000240b7358000

Marking Bits (Prev, Next): (CMBitMap*) 0x00000240a2d95360, (CMBitMap*) 0x00000240a2d953a0
 Prev Bits: [0x00000240b7ee0000, 0x00000240b9aa0000)
 Next Bits: [0x00000240b9aa0000, 0x00000240bb660000)

Polling page: 0x00000240a2e10000

Metaspace:

Usage:
  Non-class:      8.97 MB used.
      Class:   1018.66 KB used.
       Both:      9.96 MB used.

Virtual space:
  Non-class space:       64.00 MB reserved,       9.19 MB ( 14%) committed,  1 nodes.
      Class space:        1.00 GB reserved,       1.12 MB ( <1%) committed,  1 nodes.
             Both:        1.06 GB reserved,      10.31 MB ( <1%) committed. 

Chunk freelists:
   Non-Class:  6.67 MB
       Class:  14.86 MB
        Both:  21.53 MB

MaxMetaspaceSize: unlimited
CompressedClassSpaceSize: 1.00 GB
Initial GC threshold: 21.00 MB
Current GC threshold: 21.00 MB
CDS: off
MetaspaceReclaimPolicy: balanced
 - commit_granule_bytes: 65536.
 - commit_granule_words: 8192.
 - virtual_space_node_default_size: 8388608.
 - enlarge_chunks_in_place: 1.
 - new_chunks_are_fully_committed: 0.
 - uncommit_free_chunks: 1.
 - use_allocation_guard: 0.
 - handle_deallocations: 1.


Internal statistics:

num_allocs_failed_limit: 0.
num_arena_births: 274.
num_arena_deaths: 0.
num_vsnodes_births: 2.
num_vsnodes_deaths: 0.
num_space_committed: 165.
num_space_uncommitted: 0.
num_chunks_returned_to_freelist: 0.
num_chunks_taken_from_freelist: 350.
num_chunk_merges: 0.
num_chunk_splits: 229.
num_chunks_enlarged: 153.
num_inconsistent_stats: 0.

CodeHeap 'non-profiled nmethods': size=120000Kb used=444Kb max_used=444Kb free=119555Kb
 bounds [0x00000240af4c0000, 0x00000240af730000, 0x00000240b69f0000]
CodeHeap 'profiled nmethods': size=120000Kb used=2255Kb max_used=2255Kb free=117744Kb
 bounds [0x00000240a79f0000, 0x00000240a7c60000, 0x00000240aef20000]
CodeHeap 'non-nmethods': size=5760Kb used=1131Kb max_used=1148Kb free=4628Kb
 bounds [0x00000240aef20000, 0x00000240af190000, 0x00000240af4c0000]
 total_blobs=1799 nmethods=1383 adapters=329
 compilation: enabled
              stopped_count=0, restarted_count=0
 full_count=0

Compilation events (20 events):
Event: 0.706 Thread 0x00000240be14ad60 nmethod 1201 0x00000240af521790 code [0x00000240af521920, 0x00000240af5219f8]
Event: 0.706 Thread 0x00000240be14ad60 1200       3       java.util.TreeMap::addEntryToEmptyMap (37 bytes)
Event: 0.707 Thread 0x00000240be14ad60 nmethod 1200 0x00000240a7bddc10 code [0x00000240a7bdde00, 0x00000240a7bde4b8]
Event: 0.707 Thread 0x00000240be14ad60 1202       3       java.util.HashMap::afterNodeAccess (1 bytes)
Event: 0.707 Thread 0x00000240be14ad60 nmethod 1202 0x00000240a7bde690 code [0x00000240a7bde820, 0x00000240a7bde938]
Event: 0.708 Thread 0x00000240be14ad60 1218       3       java.lang.Class::cast (27 bytes)
Event: 0.708 Thread 0x00000240be14ad60 nmethod 1218 0x00000240a7bdea10 code [0x00000240a7bdebc0, 0x00000240a7bdee78]
Event: 0.708 Thread 0x00000240be14ad60 1219       3       java.nio.HeapByteBuffer::get (15 bytes)
Event: 0.709 Thread 0x00000240be14ad60 nmethod 1219 0x00000240a7bdef90 code [0x00000240a7bdf140, 0x00000240a7bdf338]
Event: 0.709 Thread 0x00000240be14ad60 1220       3       java.lang.String::<init> (10 bytes)
Event: 0.709 Thread 0x00000240be14ad60 nmethod 1220 0x00000240a7bdf490 code [0x00000240a7bdf640, 0x00000240a7bdf788]
Event: 0.709 Thread 0x00000240be14ad60 1221       3       java.nio.HeapByteBuffer::get (64 bytes)
Event: 0.710 Thread 0x00000240be14ad60 nmethod 1221 0x00000240a7bdf890 code [0x00000240a7bdfac0, 0x00000240a7be0338]
Event: 0.710 Thread 0x00000240be14ad60 1226       3       jdk.internal.jimage.ImageStringsReader::charsFromMUTF8 (205 bytes)
Event: 0.712 Thread 0x00000240be14ad60 nmethod 1226 0x00000240a7be0690 code [0x00000240a7be09a0, 0x00000240a7be18f8]
Event: 0.712 Thread 0x00000240be14ad60 1224       3       jdk.tools.jlink.internal.ImageStringsWriter::get (126 bytes)
Event: 0.712 Thread 0x00000240be8c9740 nmethod 1197 0x00000240af521a90 code [0x00000240af521c80, 0x00000240af522828]
Event: 0.712 Thread 0x00000240be8c9740 1199       4       java.util.TreeMap::getEntry (77 bytes)
Event: 0.713 Thread 0x00000240be14ad60 nmethod 1224 0x00000240a7be1f10 code [0x00000240a7be2160, 0x00000240a7be2b88]
Event: 0.713 Thread 0x00000240be14ad60 1225       3       jdk.internal.jimage.ImageStringsReader::charsFromMUTF8Length (50 bytes)

GC Heap History (20 events):
Event: 0.267 GC heap before
{Heap before GC invocations=0 (full 0):
 garbage-first heap   total 8192K, used 2048K [0x0000000091000000, 0x0000000100000000)
  region size 1024K, 3 young (3072K), 0 survivors (0K)
 Metaspace       used 7178K, committed 7296K, reserved 1114112K
  class space    used 651K, committed 704K, reserved 1048576K
}
Event: 0.269 GC heap after
{Heap after GC invocations=1 (full 0):
 garbage-first heap   total 8192K, used 912K [0x0000000091000000, 0x0000000100000000)
  region size 1024K, 1 young (1024K), 1 survivors (1024K)
 Metaspace       used 7178K, committed 7296K, reserved 1114112K
  class space    used 651K, committed 704K, reserved 1048576K
}
Event: 0.315 GC heap before
{Heap before GC invocations=1 (full 0):
 garbage-first heap   total 8192K, used 1936K [0x0000000091000000, 0x0000000100000000)
  region size 1024K, 2 young (2048K), 1 survivors (1024K)
 Metaspace       used 7646K, committed 7872K, reserved 1114112K
  class space    used 712K, committed 832K, reserved 1048576K
}
Event: 0.317 GC heap after
{Heap after GC invocations=2 (full 0):
 garbage-first heap   total 8192K, used 1146K [0x0000000091000000, 0x0000000100000000)
  region size 1024K, 1 young (1024K), 1 survivors (1024K)
 Metaspace       used 7646K, committed 7872K, reserved 1114112K
  class space    used 712K, committed 832K, reserved 1048576K
}
Event: 0.371 GC heap before
{Heap before GC invocations=2 (full 0):
 garbage-first heap   total 8192K, used 2170K [0x0000000091000000, 0x0000000100000000)
  region size 1024K, 2 young (2048K), 1 survivors (1024K)
 Metaspace       used 8406K, committed 8576K, reserved 1114112K
  class space    used 794K, committed 896K, reserved 1048576K
}
Event: 0.372 GC heap after
{Heap after GC invocations=3 (full 0):
 garbage-first heap   total 8192K, used 1094K [0x0000000091000000, 0x0000000100000000)
  region size 1024K, 1 young (1024K), 1 survivors (1024K)
 Metaspace       used 8406K, committed 8576K, reserved 1114112K
  class space    used 794K, committed 896K, reserved 1048576K
}
Event: 0.428 GC heap before
{Heap before GC invocations=3 (full 0):
 garbage-first heap   total 8192K, used 3142K [0x0000000091000000, 0x0000000100000000)
  region size 1024K, 3 young (3072K), 1 survivors (1024K)
 Metaspace       used 8863K, committed 8960K, reserved 1114112K
  class space    used 857K, committed 896K, reserved 1048576K
}
Event: 0.431 GC heap after
{Heap after GC invocations=4 (full 0):
 garbage-first heap   total 8192K, used 2221K [0x0000000091000000, 0x0000000100000000)
  region size 1024K, 1 young (1024K), 1 survivors (1024K)
 Metaspace       used 8863K, committed 8960K, reserved 1114112K
  class space    used 857K, committed 896K, reserved 1048576K
}
Event: 0.468 GC heap before
{Heap before GC invocations=4 (full 0):
 garbage-first heap   total 8192K, used 3245K [0x0000000091000000, 0x0000000100000000)
  region size 1024K, 2 young (2048K), 1 survivors (1024K)
 Metaspace       used 9106K, committed 9344K, reserved 1114112K
  class space    used 894K, committed 1024K, reserved 1048576K
}
Event: 0.471 GC heap after
{Heap after GC invocations=5 (full 0):
 garbage-first heap   total 8192K, used 2787K [0x0000000091000000, 0x0000000100000000)
  region size 1024K, 1 young (1024K), 1 survivors (1024K)
 Metaspace       used 9106K, committed 9344K, reserved 1114112K
  class space    used 894K, committed 1024K, reserved 1048576K
}
Event: 0.499 GC heap before
{Heap before GC invocations=5 (full 0):
 garbage-first heap   total 8192K, used 3811K [0x0000000091000000, 0x0000000100000000)
  region size 1024K, 2 young (2048K), 1 survivors (1024K)
 Metaspace       used 9236K, committed 9472K, reserved 1114112K
  class space    used 907K, committed 1024K, reserved 1048576K
}
Event: 0.502 GC heap after
{Heap after GC invocations=6 (full 0):
 garbage-first heap   total 12288K, used 3135K [0x0000000091000000, 0x0000000100000000)
  region size 1024K, 1 young (1024K), 1 survivors (1024K)
 Metaspace       used 9236K, committed 9472K, reserved 1114112K
  class space    used 907K, committed 1024K, reserved 1048576K
}
Event: 0.565 GC heap before
{Heap before GC invocations=6 (full 0):
 garbage-first heap   total 12288K, used 5183K [0x0000000091000000, 0x0000000100000000)
  region size 1024K, 3 young (3072K), 1 survivors (1024K)
 Metaspace       used 9503K, committed 9792K, reserved 1114112K
  class space    used 961K, committed 1088K, reserved 1048576K
}
Event: 0.567 GC heap after
{Heap after GC invocations=7 (full 0):
 garbage-first heap   total 12288K, used 3358K [0x0000000091000000, 0x0000000100000000)
  region size 1024K, 1 young (1024K), 1 survivors (1024K)
 Metaspace       used 9503K, committed 9792K, reserved 1114112K
  class space    used 961K, committed 1088K, reserved 1048576K
}
Event: 0.613 GC heap before
{Heap before GC invocations=7 (full 0):
 garbage-first heap   total 12288K, used 5406K [0x0000000091000000, 0x0000000100000000)
  region size 1024K, 3 young (3072K), 1 survivors (1024K)
 Metaspace       used 9873K, committed 10112K, reserved 1114112K
  class space    used 1000K, committed 1088K, reserved 1048576K
}
Event: 0.615 GC heap after
{Heap after GC invocations=8 (full 0):
 garbage-first heap   total 12288K, used 3402K [0x0000000091000000, 0x0000000100000000)
  region size 1024K, 1 young (1024K), 1 survivors (1024K)
 Metaspace       used 9873K, committed 10112K, reserved 1114112K
  class space    used 1000K, committed 1088K, reserved 1048576K
}
Event: 0.667 GC heap before
{Heap before GC invocations=8 (full 0):
 garbage-first heap   total 12288K, used 6474K [0x0000000091000000, 0x0000000100000000)
  region size 1024K, 4 young (4096K), 1 survivors (1024K)
 Metaspace       used 10001K, committed 10304K, reserved 1114112K
  class space    used 1007K, committed 1088K, reserved 1048576K
}
Event: 0.670 GC heap after
{Heap after GC invocations=9 (full 0):
 garbage-first heap   total 12288K, used 3998K [0x0000000091000000, 0x0000000100000000)
  region size 1024K, 1 young (1024K), 1 survivors (1024K)
 Metaspace       used 10001K, committed 10304K, reserved 1114112K
  class space    used 1007K, committed 1088K, reserved 1048576K
}
Event: 0.702 GC heap before
{Heap before GC invocations=9 (full 0):
 garbage-first heap   total 12288K, used 7070K [0x0000000091000000, 0x0000000100000000)
  region size 1024K, 4 young (4096K), 1 survivors (1024K)
 Metaspace       used 10082K, committed 10368K, reserved 1114112K
  class space    used 1009K, committed 1088K, reserved 1048576K
}
Event: 0.705 GC heap after
{Heap after GC invocations=10 (full 0):
 garbage-first heap   total 19456K, used 4343K [0x0000000091000000, 0x0000000100000000)
  region size 1024K, 1 young (1024K), 1 survivors (1024K)
 Metaspace       used 10082K, committed 10368K, reserved 1114112K
  class space    used 1009K, committed 1088K, reserved 1048576K
}

Dll operation events (1 events):
Event: 0.008 Loaded shared library D:\Program Files (x86)\AndroidStudio\jbr\bin\java.dll

Deoptimization events (20 events):
Event: 0.561 Thread 0x00000240a2d3edb0 Uncommon trap: trap_request=0xffffff45 fr.pc=0x00000240af4fa008 relative=0x00000000000013e8
Event: 0.561 Thread 0x00000240a2d3edb0 Uncommon trap: reason=unstable_if action=reinterpret pc=0x00000240af4fa008 method=java.util.HashMap.putVal(ILjava/lang/Object;Ljava/lang/Object;ZZ)Ljava/lang/Object; @ 193 c2
Event: 0.561 Thread 0x00000240a2d3edb0 DEOPT PACKING pc=0x00000240af4fa008 sp=0x000000ff5cdfe7e0
Event: 0.561 Thread 0x00000240a2d3edb0 DEOPT UNPACKING pc=0x00000240aef769a3 sp=0x000000ff5cdfe7b0 mode 2
Event: 0.632 Thread 0x00000240a2d3edb0 Uncommon trap: trap_request=0xffffffde fr.pc=0x00000240af5197a4 relative=0x0000000000000104
Event: 0.633 Thread 0x00000240a2d3edb0 Uncommon trap: reason=class_check action=maybe_recompile pc=0x00000240af5197a4 method=jdk.internal.misc.Unsafe.allocateUninitializedArray(Ljava/lang/Class;I)Ljava/lang/Object; @ 51 c2
Event: 0.633 Thread 0x00000240a2d3edb0 DEOPT PACKING pc=0x00000240af5197a4 sp=0x000000ff5cdfe040
Event: 0.633 Thread 0x00000240a2d3edb0 DEOPT UNPACKING pc=0x00000240aef769a3 sp=0x000000ff5cdfdfc8 mode 2
Event: 0.633 Thread 0x00000240a2d3edb0 Uncommon trap: trap_request=0xffffffde fr.pc=0x00000240af5197a4 relative=0x0000000000000104
Event: 0.633 Thread 0x00000240a2d3edb0 Uncommon trap: reason=class_check action=maybe_recompile pc=0x00000240af5197a4 method=jdk.internal.misc.Unsafe.allocateUninitializedArray(Ljava/lang/Class;I)Ljava/lang/Object; @ 51 c2
Event: 0.633 Thread 0x00000240a2d3edb0 DEOPT PACKING pc=0x00000240af5197a4 sp=0x000000ff5cdfdfb0
Event: 0.633 Thread 0x00000240a2d3edb0 DEOPT UNPACKING pc=0x00000240aef769a3 sp=0x000000ff5cdfdf38 mode 2
Event: 0.634 Thread 0x00000240a2d3edb0 Uncommon trap: trap_request=0xffffffde fr.pc=0x00000240af5197a4 relative=0x0000000000000104
Event: 0.634 Thread 0x00000240a2d3edb0 Uncommon trap: reason=class_check action=maybe_recompile pc=0x00000240af5197a4 method=jdk.internal.misc.Unsafe.allocateUninitializedArray(Ljava/lang/Class;I)Ljava/lang/Object; @ 51 c2
Event: 0.634 Thread 0x00000240a2d3edb0 DEOPT PACKING pc=0x00000240af5197a4 sp=0x000000ff5cdfdfb0
Event: 0.634 Thread 0x00000240a2d3edb0 DEOPT UNPACKING pc=0x00000240aef769a3 sp=0x000000ff5cdfdf38 mode 2
Event: 0.635 Thread 0x00000240a2d3edb0 Uncommon trap: trap_request=0xffffffde fr.pc=0x00000240af5197a4 relative=0x0000000000000104
Event: 0.635 Thread 0x00000240a2d3edb0 Uncommon trap: reason=class_check action=maybe_recompile pc=0x00000240af5197a4 method=jdk.internal.misc.Unsafe.allocateUninitializedArray(Ljava/lang/Class;I)Ljava/lang/Object; @ 51 c2
Event: 0.635 Thread 0x00000240a2d3edb0 DEOPT PACKING pc=0x00000240af5197a4 sp=0x000000ff5cdfdf20
Event: 0.635 Thread 0x00000240a2d3edb0 DEOPT UNPACKING pc=0x00000240aef769a3 sp=0x000000ff5cdfdea8 mode 2

Classes unloaded (0 events):
No events

Classes redefined (0 events):
No events

Internal exceptions (20 events):
Event: 0.513 Thread 0x00000240a2d3edb0 Exception <a 'java/lang/NoSuchMethodError'{0x0000000091b5fe48}: 'java.lang.Object java.lang.invoke.DirectMethodHandle$Holder.invokeSpecial(java.lang.Object, java.lang.Object, java.lang.Object, java.lang.Object, int)'> (0x0000000091b5fe48) 
thrown [s\src\hotspot\share\interpreter\linkResolver.cpp, line 771]
Event: 0.514 Thread 0x00000240a2d3edb0 Exception <a 'java/lang/NoSuchMethodError'{0x0000000091b674d8}: 'java.lang.Object java.lang.invoke.DirectMethodHandle$Holder.invokeSpecial(java.lang.Object, java.lang.Object, java.lang.Object, java.lang.Object, long)'> (0x0000000091b674d8) 
thrown [s\src\hotspot\share\interpreter\linkResolver.cpp, line 771]
Event: 0.519 Thread 0x00000240a2d3edb0 Exception <a 'java/lang/NoSuchMethodError'{0x0000000091b8a6f8}: 'java.lang.Object java.lang.invoke.DirectMethodHandle$Holder.invokeSpecial(java.lang.Object, java.lang.Object, java.lang.Object, java.lang.Object, java.lang.Object, java.lang.Object, java.lang.Object, java.lang.Object, java.lang.Object)'> (0x0000000091b8a6f8) 
thrown [s\src\hotspot\share\interpreter\linkResolver.cpp, line 771]
Event: 0.520 Thread 0x00000240a2d3edb0 Exception <a 'java/lang/NoSuchMethodError'{0x0000000091b92360}: 'java.lang.Object java.lang.invoke.DirectMethodHandle$Holder.invokeSpecial(java.lang.Object, java.lang.Object, java.lang.Object, double)'> (0x0000000091b92360) 
thrown [s\src\hotspot\share\interpreter\linkResolver.cpp, line 771]
Event: 0.523 Thread 0x00000240a2d3edb0 Exception <a 'java/lang/NoSuchMethodError'{0x0000000091ba0af0}: 'java.lang.Object java.lang.invoke.DirectMethodHandle$Holder.invokeSpecial(java.lang.Object, java.lang.Object, java.lang.Object, int, java.lang.Object)'> (0x0000000091ba0af0) 
thrown [s\src\hotspot\share\interpreter\linkResolver.cpp, line 771]
Event: 0.527 Thread 0x00000240a2d3edb0 Exception <a 'java/lang/NoSuchMethodError'{0x0000000091bc0560}: 'java.lang.Object java.lang.invoke.DirectMethodHandle$Holder.invokeSpecial(java.lang.Object, java.lang.Object, java.lang.Object, long, long)'> (0x0000000091bc0560) 
thrown [s\src\hotspot\share\interpreter\linkResolver.cpp, line 771]
Event: 0.537 Thread 0x00000240a2d3edb0 Exception <a 'java/lang/NoSuchMethodError'{0x0000000091a03db8}: 'int java.lang.invoke.DirectMethodHandle$Holder.invokeSpecial(java.lang.Object, java.lang.Object, java.lang.Object)'> (0x0000000091a03db8) 
thrown [s\src\hotspot\share\interpreter\linkResolver.cpp, line 771]
Event: 0.540 Thread 0x00000240a2d3edb0 Exception <a 'java/lang/NoSuchMethodError'{0x0000000091a17c30}: 'int java.lang.invoke.DirectMethodHandle$Holder.invokeSpecial(java.lang.Object, java.lang.Object, java.lang.Object, int)'> (0x0000000091a17c30) 
thrown [s\src\hotspot\share\interpreter\linkResolver.cpp, line 771]
Event: 0.541 Thread 0x00000240a2d3edb0 Exception <a 'java/lang/NoSuchMethodError'{0x0000000091a1f860}: 'java.lang.Object java.lang.invoke.DirectMethodHandle$Holder.invokeSpecial(java.lang.Object, java.lang.Object, java.lang.Object, java.lang.Object, java.lang.Object, java.lang.Object, java.lang.Object, java.lang.Object, java.lang.Object, java.lang.Object, java.lang.Object)'> (0x0000000091a1f860) 
thrown [s\src\hotspot\share\interpreter\linkResolver.cpp, line 771]
Event: 0.543 Thread 0x00000240a2d3edb0 Exception <a 'java/lang/NoSuchMethodError'{0x0000000091a27c68}: 'java.lang.Object java.lang.invoke.DirectMethodHandle$Holder.invokeSpecial(java.lang.Object, java.lang.Object, java.lang.Object, java.lang.Object, java.lang.Object, java.lang.Object, java.lang.Object, java.lang.Object, java.lang.Object, java.lang.Object, java.lang.Object, java.lang.Object)'> (0x0000000091a27c68) 
thrown [s\src\hotspot\share\interpreter\linkResolver.cpp, line 771]
Event: 0.543 Thread 0x00000240a2d3edb0 Exception <a 'java/lang/NoSuchMethodError'{0x0000000091a306c8}: 'java.lang.Object java.lang.invoke.DirectMethodHandle$Holder.invokeSpecial(java.lang.Object, java.lang.Object, java.lang.Object, java.lang.Object, java.lang.Object, java.lang.Object, java.lang.Object, java.lang.Object, java.lang.Object, java.lang.Object, java.lang.Object, java.lang.Object, java.lang.Object)'> (0x0000000091a306c8) 
thrown [s\src\hotspot\share\interpreter\linkResolver.cpp, line 771]
Event: 0.545 Thread 0x00000240a2d3edb0 Exception <a 'java/lang/NoSuchMethodError'{0x0000000091a394e0}: 'java.lang.Object java.lang.invoke.DirectMethodHandle$Holder.invokeSpecial(java.lang.Object, java.lang.Object, java.lang.Object, java.lang.Object, java.lang.Object, java.lang.Object, java.lang.Object, java.lang.Object, java.lang.Object, java.lang.Object, java.lang.Object, java.lang.Object, java.lang.Object, java.lang.Object)'> (0x0000000091a394e0) 
thrown [s\src\hotspot\share\interpreter\linkResolver.cpp, line 771]
Event: 0.546 Thread 0x00000240a2d3edb0 Exception <a 'java/lang/NoSuchMethodError'{0x0000000091a42a78}: 'java.lang.Object java.lang.invoke.DirectMethodHandle$Holder.invokeSpecial(java.lang.Object, java.lang.Object, java.lang.Object, java.lang.Object, java.lang.Object, java.lang.Object, java.lang.Object, java.lang.Object, java.lang.Object, java.lang.Object, java.lang.Object, java.lang.Object, java.lang.Object, java.lang.Object, java.lang.Object)'> (0x0000000091a42a78) 
thrown [s\src\hotspot\share\interpreter\linkResolver.cpp, line 771]
Event: 0.548 Thread 0x00000240a2d3edb0 Exception <a 'java/lang/NoSuchMethodError'{0x0000000091a4c038}: 'java.lang.Object java.lang.invoke.DirectMethodHandle$Holder.invokeSpecial(java.lang.Object, java.lang.Object, java.lang.Object, java.lang.Object, java.lang.Object, java.lang.Object, java.lang.Object, java.lang.Object, java.lang.Object, java.lang.Object, java.lang.Object, java.lang.Object, java.lang.Object, java.lang.Object, java.lang.Object, java.lang.Object)'> (0x0000000091a4c038) 
thrown [s\src\hotspot\share\interpreter\linkResolver.cpp, li
Event: 0.552 Thread 0x00000240a2d3edb0 Exception <a 'java/lang/NoSuchMethodError'{0x0000000091a65e68}: 'java.lang.Object java.lang.invoke.DirectMethodHandle$Holder.invokeSpecial(java.lang.Object, java.lang.Object, java.lang.Object, java.lang.Object, double)'> (0x0000000091a65e68) 
thrown [s\src\hotspot\share\interpreter\linkResolver.cpp, line 771]
Event: 0.554 Thread 0x00000240a2d3edb0 Exception <a 'java/lang/NoSuchMethodError'{0x0000000091a754f8}: 'java.lang.Object java.lang.invoke.DirectMethodHandle$Holder.invokeSpecial(java.lang.Object, java.lang.Object, java.lang.Object, java.lang.Object, java.lang.Object, long)'> (0x0000000091a754f8) 
thrown [s\src\hotspot\share\interpreter\linkResolver.cpp, line 771]
Event: 0.555 Thread 0x00000240a2d3edb0 Exception <a 'java/lang/NoSuchMethodError'{0x0000000091a80788}: 'java.lang.Object java.lang.invoke.DirectMethodHandle$Holder.invokeSpecial(java.lang.Object, java.lang.Object, java.lang.Object, java.lang.Object, java.lang.Object, java.lang.Object, java.lang.Object, java.lang.Object, java.lang.Object, java.lang.Object)'> (0x0000000091a80788) 
thrown [s\src\hotspot\share\interpreter\linkResolver.cpp, line 771]
Event: 0.557 Thread 0x00000240a2d3edb0 Exception <a 'java/lang/NoSuchMethodError'{0x0000000091a990b8}: 'int java.lang.invoke.DirectMethodHandle$Holder.invokeSpecial(java.lang.Object, java.lang.Object, int)'> (0x0000000091a990b8) 
thrown [s\src\hotspot\share\interpreter\linkResolver.cpp, line 771]
Event: 0.612 Thread 0x00000240a2d3edb0 Exception <a 'java/lang/NoSuchMethodError'{0x0000000091af7cf0}: 'void java.lang.invoke.DirectMethodHandle$Holder.invokeStatic(java.lang.Object, java.lang.Object, java.lang.Object, java.lang.Object, java.lang.Object, java.lang.Object, java.lang.Object)'> (0x0000000091af7cf0) 
thrown [s\src\hotspot\share\interpreter\linkResolver.cpp, line 771]
Event: 0.613 Thread 0x00000240a2d3edb0 Exception <a 'java/lang/NoSuchMethodError'{0x0000000091aff9a0}: 'java.lang.Object java.lang.invoke.DirectMethodHandle$Holder.newInvokeSpecial(java.lang.Object, java.lang.Object, java.lang.Object, java.lang.Object, java.lang.Object, java.lang.Object)'> (0x0000000091aff9a0) 
thrown [s\src\hotspot\share\interpreter\linkResolver.cpp, line 771]

VM Operations (20 events):
Event: 0.315 Executing VM operation: G1CollectForAllocation
Event: 0.318 Executing VM operation: G1CollectForAllocation done
Event: 0.371 Executing VM operation: G1CollectForAllocation
Event: 0.372 Executing VM operation: G1CollectForAllocation done
Event: 0.428 Executing VM operation: G1CollectForAllocation
Event: 0.431 Executing VM operation: G1CollectForAllocation done
Event: 0.441 Executing VM operation: HandshakeAllThreads
Event: 0.442 Executing VM operation: HandshakeAllThreads done
Event: 0.468 Executing VM operation: G1CollectForAllocation
Event: 0.471 Executing VM operation: G1CollectForAllocation done
Event: 0.499 Executing VM operation: G1CollectForAllocation
Event: 0.502 Executing VM operation: G1CollectForAllocation done
Event: 0.565 Executing VM operation: G1CollectForAllocation
Event: 0.567 Executing VM operation: G1CollectForAllocation done
Event: 0.613 Executing VM operation: G1CollectForAllocation
Event: 0.616 Executing VM operation: G1CollectForAllocation done
Event: 0.667 Executing VM operation: G1CollectForAllocation
Event: 0.670 Executing VM operation: G1CollectForAllocation done
Event: 0.702 Executing VM operation: G1CollectForAllocation
Event: 0.705 Executing VM operation: G1CollectForAllocation done

Events (20 events):
Event: 0.609 loading class java/util/Formatter$Conversion
Event: 0.610 loading class java/util/Formatter$Conversion done
Event: 0.610 loading class java/util/Formatter$FormatSpecifier
Event: 0.611 loading class java/util/Formatter$FormatString
Event: 0.611 loading class java/util/Formatter$FormatString done
Event: 0.611 loading class java/util/Formatter$FormatSpecifier done
Event: 0.611 loading class java/util/Formatter$Flags
Event: 0.611 loading class java/util/Formatter$Flags done
Event: 0.611 loading class java/util/Formatter$FixedString
Event: 0.611 loading class java/util/Formatter$FixedString done
Event: 0.611 loading class java/util/Formattable
Event: 0.611 loading class java/util/Formattable done
Event: 0.633 loading class java/util/ComparableTimSort
Event: 0.633 loading class java/util/ComparableTimSort done
Event: 0.637 loading class java/util/regex/Matcher
Event: 0.637 loading class java/util/regex/MatchResult
Event: 0.637 loading class java/util/regex/MatchResult done
Event: 0.637 loading class java/util/regex/Matcher done
Event: 0.637 loading class java/util/regex/IntHashSet
Event: 0.637 loading class java/util/regex/IntHashSet done


Dynamic libraries:
0x00007ff7c53d0000 - 0x00007ff7c53d8000 	D:\Program Files (x86)\AndroidStudio\jbr\bin\jlink.exe
0x00007ffb9cf10000 - 0x00007ffb9d108000 	C:\WINDOWS\SYSTEM32\ntdll.dll
0x00007ffb9cc00000 - 0x00007ffb9ccbd000 	C:\WINDOWS\System32\KERNEL32.DLL
0x00007ffb9ac50000 - 0x00007ffb9af46000 	C:\WINDOWS\System32\KERNELBASE.dll
0x00007ffb9a5d0000 - 0x00007ffb9a6d0000 	C:\WINDOWS\System32\ucrtbase.dll
0x00007ffb91d50000 - 0x00007ffb91d67000 	D:\Program Files (x86)\AndroidStudio\jbr\bin\jli.dll
0x00007ffb94040000 - 0x00007ffb9405b000 	D:\Program Files (x86)\AndroidStudio\jbr\bin\VCRUNTIME140.dll
0x00007ffb9ccc0000 - 0x00007ffb9ce5e000 	C:\WINDOWS\System32\USER32.dll
0x00007ffb9a8d0000 - 0x00007ffb9a8f2000 	C:\WINDOWS\System32\win32u.dll
0x00007ffb88e10000 - 0x00007ffb890aa000 	C:\WINDOWS\WinSxS\amd64_microsoft.windows.common-controls_6595b64144ccf1df_6.0.19041.3636_none_60b6a03d71f818d5\COMCTL32.dll
0x00007ffb9c420000 - 0x00007ffb9c44b000 	C:\WINDOWS\System32\GDI32.dll
0x00007ffb9c320000 - 0x00007ffb9c3be000 	C:\WINDOWS\System32\msvcrt.dll
0x00007ffb9a7b0000 - 0x00007ffb9a8c7000 	C:\WINDOWS\System32\gdi32full.dll
0x00007ffb9a900000 - 0x00007ffb9a99d000 	C:\WINDOWS\System32\msvcp_win.dll
0x00007ffb9b790000 - 0x00007ffb9b7c2000 	C:\WINDOWS\System32\IMM32.DLL
0x00007ffb956b0000 - 0x00007ffb956bc000 	D:\Program Files (x86)\AndroidStudio\jbr\bin\vcruntime140_1.dll
0x00007ffb62540000 - 0x00007ffb625cd000 	D:\Program Files (x86)\AndroidStudio\jbr\bin\msvcp140.dll
0x00007ffb45450000 - 0x00007ffb460d0000 	D:\Program Files (x86)\AndroidStudio\jbr\bin\server\jvm.dll
0x00007ffb9b900000 - 0x00007ffb9b9b3000 	C:\WINDOWS\System32\ADVAPI32.dll
0x00007ffb9b580000 - 0x00007ffb9b61f000 	C:\WINDOWS\System32\sechost.dll
0x00007ffb9bd80000 - 0x00007ffb9bea6000 	C:\WINDOWS\System32\RPCRT4.dll
0x00007ffb9ab00000 - 0x00007ffb9ab27000 	C:\WINDOWS\System32\bcrypt.dll
0x00007ffb98d70000 - 0x00007ffb98d97000 	C:\WINDOWS\SYSTEM32\WINMM.dll
0x00007ffb860f0000 - 0x00007ffb860f9000 	C:\WINDOWS\SYSTEM32\WSOCK32.dll
0x00007ffb8f7a0000 - 0x00007ffb8f7aa000 	C:\WINDOWS\SYSTEM32\VERSION.dll
0x00007ffb9ce60000 - 0x00007ffb9cecb000 	C:\WINDOWS\System32\WS2_32.dll
0x00007ffb98e20000 - 0x00007ffb98e32000 	C:\WINDOWS\SYSTEM32\kernel.appcore.dll
0x00007ffb956a0000 - 0x00007ffb956aa000 	D:\Program Files (x86)\AndroidStudio\jbr\bin\jimage.dll
0x00007ffb98900000 - 0x00007ffb98ae4000 	C:\WINDOWS\SYSTEM32\DBGHELP.DLL
0x00007ffb8c640000 - 0x00007ffb8c674000 	C:\WINDOWS\SYSTEM32\dbgcore.DLL
0x00007ffb9a6d0000 - 0x00007ffb9a752000 	C:\WINDOWS\System32\bcryptPrimitives.dll
0x00007ffb92c30000 - 0x00007ffb92c55000 	D:\Program Files (x86)\AndroidStudio\jbr\bin\java.dll
0x00007ffb93db0000 - 0x00007ffb93dc8000 	D:\Program Files (x86)\AndroidStudio\jbr\bin\zip.dll
0x00007ffb9c4b0000 - 0x00007ffb9cbf5000 	C:\WINDOWS\System32\SHELL32.dll
0x00007ffb98090000 - 0x00007ffb9882c000 	C:\WINDOWS\SYSTEM32\windows.storage.dll
0x00007ffb9b110000 - 0x00007ffb9b464000 	C:\WINDOWS\System32\combase.dll
0x00007ffb99f30000 - 0x00007ffb99f5e000 	C:\WINDOWS\SYSTEM32\Wldp.dll
0x00007ffb9b9f0000 - 0x00007ffb9babd000 	C:\WINDOWS\System32\OLEAUT32.dll
0x00007ffb9b470000 - 0x00007ffb9b51d000 	C:\WINDOWS\System32\SHCORE.dll
0x00007ffb9c3c0000 - 0x00007ffb9c415000 	C:\WINDOWS\System32\shlwapi.dll
0x00007ffb9a500000 - 0x00007ffb9a525000 	C:\WINDOWS\SYSTEM32\profapi.dll
0x00007ffb92090000 - 0x00007ffb920a9000 	D:\Program Files (x86)\AndroidStudio\jbr\bin\net.dll
0x00007ffb91620000 - 0x00007ffb9172a000 	C:\WINDOWS\SYSTEM32\WINHTTP.dll
0x00007ffb99c70000 - 0x00007ffb99cda000 	C:\WINDOWS\system32\mswsock.dll
0x00007ffb92070000 - 0x00007ffb92086000 	D:\Program Files (x86)\AndroidStudio\jbr\bin\nio.dll

dbghelp: loaded successfully - version: 4.0.5 - missing functions: none
symbol engine: initialized successfully - sym options: 0x614 - pdb path: .;D:\Program Files (x86)\AndroidStudio\jbr\bin;C:\WINDOWS\SYSTEM32;C:\WINDOWS\WinSxS\amd64_microsoft.windows.common-controls_6595b64144ccf1df_6.0.19041.3636_none_60b6a03d71f818d5;D:\Program Files (x86)\AndroidStudio\jbr\bin\server

VM Arguments:
jvm_args: -Dapplication.home=D:\Program Files (x86)\AndroidStudio\jbr --add-modules=ALL-DEFAULT -Xms8m -Djdk.module.main=jdk.jlink 
java_command: jdk.jlink/jdk.tools.jlink.internal.Main --module-path C:\Users\etoth\.gradle\caches\transforms-3\2134b73eb73c5dfcb7ded56273440474\transformed\output\temp\jmod --add-modules java.base --output C:\Users\etoth\.gradle\caches\transforms-3\2134b73eb73c5dfcb7ded56273440474\transformed\output\jdkImage --disable-plugin system-modules
java_class_path (initial): <not set>
Launcher Type: SUN_STANDARD

[Global flags]
     intx CICompilerCount                          = 4                                         {product} {ergonomic}
     uint ConcGCThreads                            = 2                                         {product} {ergonomic}
     uint G1ConcRefinementThreads                  = 8                                         {product} {ergonomic}
   size_t G1HeapRegionSize                         = 1048576                                   {product} {ergonomic}
    uintx GCDrainStackTargetSize                   = 64                                        {product} {ergonomic}
   size_t InitialHeapSize                          = 8388608                                   {product} {command line}
   size_t MarkStackSize                            = 4194304                                   {product} {ergonomic}
   size_t MaxHeapSize                              = 1862270976                                {product} {ergonomic}
   size_t MaxNewSize                               = 1116733440                                {product} {ergonomic}
   size_t MinHeapDeltaBytes                        = 1048576                                   {product} {ergonomic}
   size_t MinHeapSize                              = 8388608                                   {product} {command line}
    uintx NonNMethodCodeHeapSize                   = 5839372                                {pd product} {ergonomic}
    uintx NonProfiledCodeHeapSize                  = 122909434                              {pd product} {ergonomic}
    uintx ProfiledCodeHeapSize                     = 122909434                              {pd product} {ergonomic}
    uintx ReservedCodeCacheSize                    = 251658240                              {pd product} {ergonomic}
     bool SegmentedCodeCache                       = true                                      {product} {ergonomic}
   size_t SoftMaxHeapSize                          = 1862270976                             {manageable} {ergonomic}
     bool UseCompressedClassPointers               = true                           {product lp64_product} {ergonomic}
     bool UseCompressedOops                        = true                           {product lp64_product} {ergonomic}
     bool UseG1GC                                  = true                                      {product} {ergonomic}
     bool UseLargePagesIndividualAllocation        = false                                  {pd product} {ergonomic}

Logging:
Log output configuration:
 #0: stdout all=warning uptime,level,tags
 #1: stderr all=off uptime,level,tags

Environment Variables:
JAVA_HOME=D:\Oracle OpenJDK
PATH=C:\Program Files (x86)\VMware\VMware Player\bin\;C:\Python311\Scripts\;C:\Python311\;C:\Program Files\Common Files\Oracle\Java\javapath;C:\ProgramData\Oracle\Java\javapath;C:\WINDOWS\system32;C:\WINDOWS;C:\WINDOWS\System32\Wbem;C:\WINDOWS\System32\WindowsPowerShell\v1.0\;C:\WINDOWS\System32\OpenSSH\;C;D:\Git\cmd;C:\ProgramData\chocolatey\bin;D:\Oracle OpenJDK\bin;;D:\Microsoft VS Code\bin
USERNAME=etoth
OS=Windows_NT
PROCESSOR_IDENTIFIER=AMD64 Family 23 Model 24 Stepping 1, AuthenticAMD
TMP=C:\Users\etoth\AppData\Local\Temp
TEMP=C:\Users\etoth\AppData\Local\Temp


JNI global refs:
JNI global refs: 9, weak refs: 0

JNI global refs memory usage: 843, weak refs: 841

OOME stack traces (most recent first):
Classloader memory used:
Loader bootstrap                                                                       : 1172K
Loader jdk.internal.loader.ClassLoaders$AppClassLoader                                 : 97930B
Loader jdk.internal.loader.ClassLoaders$PlatformClassLoader                            : 9489B


---------------  S Y S T E M  ---------------

OS:
 Windows 10 , 64 bit Build 19041 (10.0.19041.3636)
OS uptime: 2 days 4:23 hours
Hyper-V role detected

CPU: total 8 (initial active 8) (8 cores per cpu, 2 threads per core) family 23 model 24 stepping 1 microcode 0x0, cx8, cmov, fxsr, ht, mmx, 3dnowpref, sse, sse2, sse3, ssse3, sse4a, sse4.1, sse4.2, popcnt, lzcnt, tsc, tscinvbit, avx, avx2, aes, clmul, bmi1, bmi2, adx, sha, fma, vzeroupper, clflush, clflushopt, hv

Memory: 4k page, system-wide physical 7103M (457M free)
TotalPageFile size 21813M (AvailPageFile size 3M)
current process WorkingSet (physical memory assigned to process): 72M, peak: 72M
current process commit charge ("private bytes"): 109M, peak: 111M

vm_info: OpenJDK 64-Bit Server VM (17.0.7+0-b2043.56-10550314) for windows-amd64 JRE (17.0.7+0-b2043.56-10550314), built on Jul 24 2023 18:27:45 by "androidbuild" with MS VC++ 16.10 / 16.11 (VS2019)

END.
