#
# There is insufficient memory for the Java Runtime Environment to continue.
# Native memory allocation (mmap) failed to map 18874368 bytes for G1 virtual space
# Possible reasons:
#   The system is out of physical RAM or swap space
#   The process is running with CompressedOops enabled, and the Java Heap may be blocking the growth of the native heap
# Possible solutions:
#   Reduce memory load on the system
#   Increase physical memory or swap space
#   Check if swap backing store is full
#   Decrease Java heap size (-Xmx/-Xms)
#   Decrease number of Java threads
#   Decrease Java thread stack sizes (-Xss)
#   Set larger code cache with -XX:ReservedCodeCacheSize=
#   JVM is running with Unscaled Compressed Oops mode in which the Java heap is
#     placed in the first 4GB address space. The Java Heap base address is the
#     maximum limit for the native heap growth. Please use -XX:HeapBaseMinAddress
#     to set the Java Heap base and to place the Java Heap above 4GB virtual address.
# This output file may be truncated or incomplete.
#
#  Out of Memory Error (os_windows.cpp:3771), pid=4212, tid=5728
#
# JRE version: OpenJDK Runtime Environment (17.0.7) (build 17.0.7+0-b2043.56-10550314)
# Java VM: OpenJDK 64-Bit Server VM (17.0.7+0-b2043.56-10550314, mixed mode, tiered, compressed oops, compressed class ptrs, g1 gc, windows-amd64)
# No core dump will be written. Minidumps are not enabled by default on client versions of Windows
#

---------------  S U M M A R Y ------------

Command Line: org.jetbrains.kotlin.cli.jvm.K2JVMCompiler @D:\studioProjects\DataStorage\DataStorage\app\build\20240308_6158033808039177990.compiler.options

Host: AMD Ryzen 5 3500U with Radeon Vega Mobile Gfx  , 8 cores, 6G,  Windows 10 , 64 bit Build 19041 (10.0.19041.3636)
Time: Fri Mar  8 19:07:15 2024 RTZ 2 (s 10 , 64 bit Build 19041 (10.0.19041.3636) elapsed time: 6.115899 seconds (0d 0h 0m 6s)

---------------  T H R E A D  ---------------

Current thread (0x0000024ef90833e0):  VMThread "VM Thread" [stack: 0x0000009238300000,0x0000009238400000] [id=5728]

Stack: [0x0000009238300000,0x0000009238400000]
Native frames: (J=compiled Java code, j=interpreted, Vv=VM code, C=native code)
V  [jvm.dll+0x683bfa]
V  [jvm.dll+0x8430a4]
V  [jvm.dll+0x8449be]
V  [jvm.dll+0x845023]
V  [jvm.dll+0x24ad2f]
V  [jvm.dll+0x680ac9]
V  [jvm.dll+0x67519a]
V  [jvm.dll+0x30b3cb]
V  [jvm.dll+0x312876]
V  [jvm.dll+0x36221e]
V  [jvm.dll+0x36244f]
V  [jvm.dll+0x2e14a8]
V  [jvm.dll+0x2df684]
V  [jvm.dll+0x2dec8c]
V  [jvm.dll+0x32382b]
V  [jvm.dll+0x8496eb]
V  [jvm.dll+0x84a424]
V  [jvm.dll+0x84a93d]
V  [jvm.dll+0x84ad14]
V  [jvm.dll+0x84ade0]
V  [jvm.dll+0x7f2aea]
V  [jvm.dll+0x682a35]
C  [ucrtbase.dll+0x21bb2]
C  [KERNEL32.DLL+0x17344]
C  [ntdll.dll+0x526b1]

VM_Operation (0x0000009237df8e20): G1CollectForAllocation, mode: safepoint, requested by thread 0x0000024edfc50b80


---------------  P R O C E S S  ---------------

Threads class SMR info:
_java_thread_list=0x0000024efe501510, length=12, elements={
0x0000024edfc50b80, 0x0000024ef9085880, 0x0000024ef9086e90, 0x0000024ef90d5690,
0x0000024ef90d5d60, 0x0000024ef90d6ec0, 0x0000024ef90d7780, 0x0000024ef9342f80,
0x0000024ef9356010, 0x0000024ef93594d0, 0x0000024ef949d990, 0x0000024ef94b5ef0
}

Java Threads: ( => current thread )
  0x0000024edfc50b80 JavaThread "main" [_thread_blocked, id=6160, stack(0x0000009237d00000,0x0000009237e00000)]
  0x0000024ef9085880 JavaThread "Reference Handler" daemon [_thread_blocked, id=17600, stack(0x0000009238400000,0x0000009238500000)]
  0x0000024ef9086e90 JavaThread "Finalizer" daemon [_thread_blocked, id=7860, stack(0x0000009238500000,0x0000009238600000)]
  0x0000024ef90d5690 JavaThread "Signal Dispatcher" daemon [_thread_blocked, id=11332, stack(0x0000009238600000,0x0000009238700000)]
  0x0000024ef90d5d60 JavaThread "Attach Listener" daemon [_thread_blocked, id=19268, stack(0x0000009238700000,0x0000009238800000)]
  0x0000024ef90d6ec0 JavaThread "Service Thread" daemon [_thread_blocked, id=16560, stack(0x0000009238800000,0x0000009238900000)]
  0x0000024ef90d7780 JavaThread "Monitor Deflation Thread" daemon [_thread_blocked, id=16780, stack(0x0000009238900000,0x0000009238a00000)]
  0x0000024ef9342f80 JavaThread "C2 CompilerThread0" daemon [_thread_blocked, id=13356, stack(0x0000009238a00000,0x0000009238b00000)]
  0x0000024ef9356010 JavaThread "C1 CompilerThread0" daemon [_thread_blocked, id=17896, stack(0x0000009238b00000,0x0000009238c00000)]
  0x0000024ef93594d0 JavaThread "Sweeper thread" daemon [_thread_blocked, id=10624, stack(0x0000009238c00000,0x0000009238d00000)]
  0x0000024ef949d990 JavaThread "Notification Thread" daemon [_thread_blocked, id=13744, stack(0x0000009238d00000,0x0000009238e00000)]
  0x0000024ef94b5ef0 JavaThread "Common-Cleaner" daemon [_thread_blocked, id=5628, stack(0x0000009238f00000,0x0000009239000000)]

Other Threads:
=>0x0000024ef90833e0 VMThread "VM Thread" [stack: 0x0000009238300000,0x0000009238400000] [id=5728]
  0x0000024edfcc3a70 WatcherThread [stack: 0x0000009238e00000,0x0000009238f00000] [id=16132]
  0x0000024edfca4000 GCTaskThread "GC Thread#0" [stack: 0x0000009237e00000,0x0000009237f00000] [id=13024]
  0x0000024ef99f93a0 GCTaskThread "GC Thread#1" [stack: 0x0000009239100000,0x0000009239200000] [id=12424]
  0x0000024ef99fa670 GCTaskThread "GC Thread#2" [stack: 0x0000009239200000,0x0000009239300000] [id=13656]
  0x0000024ef99f9e60 GCTaskThread "GC Thread#3" [stack: 0x0000009239300000,0x0000009239400000] [id=8508]
  0x0000024ef99fa110 GCTaskThread "GC Thread#4" [stack: 0x0000009239400000,0x0000009239500000] [id=15736]
  0x0000024ef99fa920 GCTaskThread "GC Thread#5" [stack: 0x0000009239500000,0x0000009239600000] [id=10640]
  0x0000024ef99fabd0 GCTaskThread "GC Thread#6" [stack: 0x0000009239600000,0x0000009239700000] [id=5664]
  0x0000024ef99f90f0 GCTaskThread "GC Thread#7" [stack: 0x0000009239700000,0x0000009239800000] [id=18968]
  0x0000024edfcb4150 ConcurrentGCThread "G1 Main Marker" [stack: 0x0000009237f00000,0x0000009238000000] [id=13808]
  0x0000024edfcb4b60 ConcurrentGCThread "G1 Conc#0" [stack: 0x0000009238000000,0x0000009238100000] [id=4512]
  0x0000024ef99f9650 ConcurrentGCThread "G1 Conc#1" [stack: 0x0000009239800000,0x0000009239900000] [id=6228]
  0x0000024ef8ef0090 ConcurrentGCThread "G1 Refine#0" [stack: 0x0000009238100000,0x0000009238200000] [id=18808]
  0x0000024e80563440 ConcurrentGCThread "G1 Refine#1" [stack: 0x0000009239900000,0x0000009239a00000] [id=7744]
  0x0000024ef8ef0ab0 ConcurrentGCThread "G1 Service" [stack: 0x0000009238200000,0x0000009238300000] [id=14152]

Threads with active compile tasks:
C2 CompilerThread0     6156 3726       4       org.jetbrains.kotlin.load.java.structure.impl.classFiles.BinaryClassSignatureParser::parseParameterizedClassRefSignature (262 bytes)
C1 CompilerThread0     6156 3750       3       org.jetbrains.org.objectweb.asm.FieldVisitor::<init> (94 bytes)

VM state: at safepoint (normal execution)

VM Mutex/Monitor currently owned by a thread:  ([mutex/lock_event])
[0x0000024edfc4d510] Threads_lock - owner thread: 0x0000024ef90833e0
[0x0000024edfc4ca60] Heap_lock - owner thread: 0x0000024edfc50b80

Heap address: 0x0000000091000000, size: 1776 MB, Compressed Oops mode: 32-bit

CDS archive(s) not mapped
Compressed class space mapped at: 0x0000000100000000-0x0000000140000000, reserved size: 1073741824
Narrow klass base: 0x0000000000000000, Narrow klass shift: 3, Narrow klass range: 0x140000000

GC Precious Log:
 CPUs: 8 total, 8 available
 Memory: 7103M
 Large Page Support: Disabled
 NUMA Support: Disabled
 Compressed Oops: Enabled (32-bit)
 Heap Region Size: 1M
 Heap Min Capacity: 8M
 Heap Initial Capacity: 112M
 Heap Max Capacity: 1776M
 Pre-touch: Disabled
 Parallel Workers: 8
 Concurrent Workers: 2
 Concurrent Refinement Workers: 8
 Periodic GC: Disabled

Heap:
 garbage-first heap   total 79872K, used 36440K [0x0000000091000000, 0x0000000100000000)
  region size 1024K, 3 young (3072K), 3 survivors (3072K)
 Metaspace       used 50731K, committed 50944K, reserved 1114112K
  class space    used 6092K, committed 6208K, reserved 1048576K

Heap Regions: E=young(eden), S=young(survivor), O=old, HS=humongous(starts), HC=humongous(continues), CS=collection set, F=free, OA=open archive, CA=closed archive, TAMS=top-at-mark-start (previous, next)
|   0|0x0000000091000000, 0x0000000091100000, 0x0000000091100000|100%|HS|  |TAMS 0x0000000091100000, 0x0000000091000000| Complete 
|   1|0x0000000091100000, 0x0000000091200000, 0x0000000091200000|100%|HC|  |TAMS 0x0000000091200000, 0x0000000091100000| Complete 
|   2|0x0000000091200000, 0x0000000091300000, 0x0000000091300000|100%|HC|  |TAMS 0x0000000091300000, 0x0000000091200000| Complete 
|   3|0x0000000091300000, 0x0000000091400000, 0x0000000091400000|100%|HC|  |TAMS 0x0000000091400000, 0x0000000091300000| Complete 
|   4|0x0000000091400000, 0x0000000091500000, 0x0000000091500000|100%| O|  |TAMS 0x0000000091500000, 0x0000000091400000| Untracked 
|   5|0x0000000091500000, 0x0000000091600000, 0x0000000091600000|100%| O|  |TAMS 0x0000000091600000, 0x0000000091500000| Untracked 
|   6|0x0000000091600000, 0x0000000091700000, 0x0000000091700000|100%| O|  |TAMS 0x0000000091700000, 0x0000000091600000| Untracked 
|   7|0x0000000091700000, 0x0000000091800000, 0x0000000091800000|100%|HS|  |TAMS 0x0000000091800000, 0x0000000091700000| Complete 
|   8|0x0000000091800000, 0x0000000091900000, 0x0000000091900000|100%|HC|  |TAMS 0x0000000091900000, 0x0000000091800000| Complete 
|   9|0x0000000091900000, 0x0000000091a00000, 0x0000000091a00000|100%|HC|  |TAMS 0x0000000091a00000, 0x0000000091900000| Complete 
|  10|0x0000000091a00000, 0x0000000091b00000, 0x0000000091b00000|100%|HC|  |TAMS 0x0000000091b00000, 0x0000000091a00000| Complete 
|  11|0x0000000091b00000, 0x0000000091c00000, 0x0000000091c00000|100%| O|  |TAMS 0x0000000091c00000, 0x0000000091b00000| Untracked 
|  12|0x0000000091c00000, 0x0000000091d00000, 0x0000000091d00000|100%| O|  |TAMS 0x0000000091d00000, 0x0000000091c00000| Untracked 
|  13|0x0000000091d00000, 0x0000000091e00000, 0x0000000091e00000|100%| O|  |TAMS 0x0000000091e00000, 0x0000000091d00000| Untracked 
|  14|0x0000000091e00000, 0x0000000091f00000, 0x0000000091f00000|100%| O|  |TAMS 0x0000000091f00000, 0x0000000091e00000| Untracked 
|  15|0x0000000091f00000, 0x0000000092000000, 0x0000000092000000|100%| O|  |TAMS 0x0000000092000000, 0x0000000091f00000| Untracked 
|  16|0x0000000092000000, 0x0000000092100000, 0x0000000092100000|100%| O|  |TAMS 0x0000000092100000, 0x0000000092000000| Untracked 
|  17|0x0000000092100000, 0x0000000092200000, 0x0000000092200000|100%| O|  |TAMS 0x0000000092200000, 0x0000000092100000| Untracked 
|  18|0x0000000092200000, 0x0000000092300000, 0x0000000092300000|100%| O|  |TAMS 0x0000000092300000, 0x0000000092200000| Untracked 
|  19|0x0000000092300000, 0x0000000092400000, 0x0000000092400000|100%| O|  |TAMS 0x0000000092400000, 0x0000000092300000| Untracked 
|  20|0x0000000092400000, 0x0000000092500000, 0x0000000092500000|100%| O|  |TAMS 0x0000000092500000, 0x0000000092400000| Untracked 
|  21|0x0000000092500000, 0x0000000092600000, 0x0000000092600000|100%| O|  |TAMS 0x0000000092600000, 0x0000000092500000| Untracked 
|  22|0x0000000092600000, 0x0000000092700000, 0x0000000092700000|100%| O|  |TAMS 0x0000000092700000, 0x0000000092600000| Untracked 
|  23|0x0000000092700000, 0x0000000092800000, 0x0000000092800000|100%| O|  |TAMS 0x0000000092800000, 0x0000000092700000| Untracked 
|  24|0x0000000092800000, 0x0000000092900000, 0x0000000092900000|100%| O|  |TAMS 0x0000000092900000, 0x0000000092800000| Untracked 
|  25|0x0000000092900000, 0x0000000092a00000, 0x0000000092a00000|100%| O|  |TAMS 0x0000000092a00000, 0x0000000092900000| Untracked 
|  26|0x0000000092a00000, 0x0000000092b00000, 0x0000000092b00000|100%| O|  |TAMS 0x0000000092b00000, 0x0000000092a00000| Untracked 
|  27|0x0000000092b00000, 0x0000000092c00000, 0x0000000092c00000|100%| O|  |TAMS 0x0000000092c00000, 0x0000000092b00000| Untracked 
|  28|0x0000000092c00000, 0x0000000092d00000, 0x0000000092d00000|100%| O|  |TAMS 0x0000000092c36200, 0x0000000092c00000| Untracked 
|  29|0x0000000092d00000, 0x0000000092e00000, 0x0000000092e00000|100%| O|  |TAMS 0x0000000092d00000, 0x0000000092d00000| Untracked 
|  30|0x0000000092e00000, 0x0000000092e96000, 0x0000000092f00000| 58%| O|  |TAMS 0x0000000092e00000, 0x0000000092e00000| Untracked 
|  31|0x0000000092f00000, 0x0000000093000000, 0x0000000093000000|100%|HS|  |TAMS 0x0000000092f00000, 0x0000000092f00000| Complete 
|  32|0x0000000093000000, 0x0000000093100000, 0x0000000093100000|100%|HC|  |TAMS 0x0000000093000000, 0x0000000093000000| Complete 
|  33|0x0000000093100000, 0x0000000093100000, 0x0000000093200000|  0%| F|  |TAMS 0x0000000093100000, 0x0000000093100000| Untracked 
|  34|0x0000000093200000, 0x0000000093200000, 0x0000000093300000|  0%| F|  |TAMS 0x0000000093200000, 0x0000000093200000| Untracked 
|  35|0x0000000093300000, 0x0000000093300000, 0x0000000093400000|  0%| F|  |TAMS 0x0000000093300000, 0x0000000093300000| Untracked 
|  36|0x0000000093400000, 0x0000000093400000, 0x0000000093500000|  0%| F|  |TAMS 0x0000000093400000, 0x0000000093400000| Untracked 
|  37|0x0000000093500000, 0x0000000093500000, 0x0000000093600000|  0%| F|  |TAMS 0x0000000093500000, 0x0000000093500000| Untracked 
|  38|0x0000000093600000, 0x0000000093600000, 0x0000000093700000|  0%| F|  |TAMS 0x0000000093600000, 0x0000000093600000| Untracked 
|  39|0x0000000093700000, 0x0000000093700000, 0x0000000093800000|  0%| F|  |TAMS 0x0000000093700000, 0x0000000093700000| Untracked 
|  40|0x0000000093800000, 0x0000000093800000, 0x0000000093900000|  0%| F|  |TAMS 0x0000000093800000, 0x0000000093800000| Untracked 
|  41|0x0000000093900000, 0x0000000093900000, 0x0000000093a00000|  0%| F|  |TAMS 0x0000000093900000, 0x0000000093900000| Untracked 
|  42|0x0000000093a00000, 0x0000000093b00000, 0x0000000093b00000|100%| S|CS|TAMS 0x0000000093a00000, 0x0000000093a00000| Complete 
|  43|0x0000000093b00000, 0x0000000093c00000, 0x0000000093c00000|100%| S|CS|TAMS 0x0000000093b00000, 0x0000000093b00000| Complete 
|  44|0x0000000093c00000, 0x0000000093d00000, 0x0000000093d00000|100%| S|CS|TAMS 0x0000000093c00000, 0x0000000093c00000| Complete 
|  45|0x0000000093d00000, 0x0000000093d00000, 0x0000000093e00000|  0%| F|  |TAMS 0x0000000093d00000, 0x0000000093d00000| Untracked 
|  46|0x0000000093e00000, 0x0000000093e00000, 0x0000000093f00000|  0%| F|  |TAMS 0x0000000093e00000, 0x0000000093e00000| Untracked 
|  47|0x0000000093f00000, 0x0000000093f00000, 0x0000000094000000|  0%| F|  |TAMS 0x0000000093f00000, 0x0000000093f00000| Untracked 
|  48|0x0000000094000000, 0x0000000094000000, 0x0000000094100000|  0%| F|  |TAMS 0x0000000094000000, 0x0000000094000000| Untracked 
|  49|0x0000000094100000, 0x0000000094100000, 0x0000000094200000|  0%| F|  |TAMS 0x0000000094100000, 0x0000000094100000| Untracked 
|  50|0x0000000094200000, 0x0000000094200000, 0x0000000094300000|  0%| F|  |TAMS 0x0000000094200000, 0x0000000094200000| Untracked 
|  51|0x0000000094300000, 0x0000000094300000, 0x0000000094400000|  0%| F|  |TAMS 0x0000000094300000, 0x0000000094300000| Untracked 
|  52|0x0000000094400000, 0x0000000094400000, 0x0000000094500000|  0%| F|  |TAMS 0x0000000094400000, 0x0000000094400000| Untracked 
|  53|0x0000000094500000, 0x0000000094500000, 0x0000000094600000|  0%| F|  |TAMS 0x0000000094500000, 0x0000000094500000| Untracked 
|  54|0x0000000094600000, 0x0000000094600000, 0x0000000094700000|  0%| F|  |TAMS 0x0000000094600000, 0x0000000094600000| Untracked 
|  55|0x0000000094700000, 0x0000000094700000, 0x0000000094800000|  0%| F|  |TAMS 0x0000000094700000, 0x0000000094700000| Untracked 
|  56|0x0000000094800000, 0x0000000094800000, 0x0000000094900000|  0%| F|  |TAMS 0x0000000094800000, 0x0000000094800000| Untracked 
|  57|0x0000000094900000, 0x0000000094900000, 0x0000000094a00000|  0%| F|  |TAMS 0x0000000094900000, 0x0000000094900000| Untracked 
|  58|0x0000000094a00000, 0x0000000094a00000, 0x0000000094b00000|  0%| F|  |TAMS 0x0000000094a00000, 0x0000000094a00000| Untracked 
|  59|0x0000000094b00000, 0x0000000094b00000, 0x0000000094c00000|  0%| F|  |TAMS 0x0000000094b00000, 0x0000000094b00000| Untracked 
|  60|0x0000000094c00000, 0x0000000094c00000, 0x0000000094d00000|  0%| F|  |TAMS 0x0000000094c00000, 0x0000000094c00000| Untracked 
|  61|0x0000000094d00000, 0x0000000094d00000, 0x0000000094e00000|  0%| F|  |TAMS 0x0000000094d00000, 0x0000000094d00000| Untracked 
|  62|0x0000000094e00000, 0x0000000094e00000, 0x0000000094f00000|  0%| F|  |TAMS 0x0000000094e00000, 0x0000000094e00000| Untracked 
|  63|0x0000000094f00000, 0x0000000094f00000, 0x0000000095000000|  0%| F|  |TAMS 0x0000000094f00000, 0x0000000094f00000| Untracked 
|  64|0x0000000095000000, 0x0000000095000000, 0x0000000095100000|  0%| F|  |TAMS 0x0000000095000000, 0x0000000095000000| Untracked 
|  65|0x0000000095100000, 0x0000000095100000, 0x0000000095200000|  0%| F|  |TAMS 0x0000000095100000, 0x0000000095100000| Untracked 
|  66|0x0000000095200000, 0x0000000095200000, 0x0000000095300000|  0%| F|  |TAMS 0x0000000095200000, 0x0000000095200000| Untracked 
|  67|0x0000000095300000, 0x0000000095300000, 0x0000000095400000|  0%| F|  |TAMS 0x0000000095300000, 0x0000000095300000| Untracked 
|  68|0x0000000095400000, 0x0000000095400000, 0x0000000095500000|  0%| F|  |TAMS 0x0000000095400000, 0x0000000095400000| Untracked 
|  69|0x0000000095500000, 0x0000000095500000, 0x0000000095600000|  0%| F|  |TAMS 0x0000000095500000, 0x0000000095500000| Untracked 
|  70|0x0000000095600000, 0x0000000095600000, 0x0000000095700000|  0%| F|  |TAMS 0x0000000095600000, 0x0000000095600000| Untracked 
|  71|0x0000000095700000, 0x0000000095700000, 0x0000000095800000|  0%| F|  |TAMS 0x0000000095700000, 0x0000000095700000| Untracked 
|  72|0x0000000095800000, 0x0000000095800000, 0x0000000095900000|  0%| F|  |TAMS 0x0000000095800000, 0x0000000095800000| Untracked 
|  73|0x0000000095900000, 0x0000000095900000, 0x0000000095a00000|  0%| F|  |TAMS 0x0000000095900000, 0x0000000095900000| Untracked 
|  74|0x0000000095a00000, 0x0000000095a00000, 0x0000000095b00000|  0%| F|  |TAMS 0x0000000095a00000, 0x0000000095a00000| Untracked 
|  75|0x0000000095b00000, 0x0000000095b00000, 0x0000000095c00000|  0%| F|  |TAMS 0x0000000095b00000, 0x0000000095b00000| Untracked 
|  76|0x0000000095c00000, 0x0000000095c00000, 0x0000000095d00000|  0%| F|  |TAMS 0x0000000095c00000, 0x0000000095c00000| Untracked 
| 111|0x0000000097f00000, 0x0000000097f00000, 0x0000000098000000|  0%| F|  |TAMS 0x0000000097f00000, 0x0000000097f00000| Untracked 

Card table byte_map: [0x0000024ef27e0000,0x0000024ef2b60000] _byte_map_base: 0x0000024ef2358000

Marking Bits (Prev, Next): (CMBitMap*) 0x0000024edfca5a60, (CMBitMap*) 0x0000024edfca5a20
 Prev Bits: [0x0000024ef4aa0000, 0x0000024ef6660000)
 Next Bits: [0x0000024ef2ee0000, 0x0000024ef4aa0000)

Polling page: 0x0000024eddc60000

Metaspace:

Usage:
  Non-class:     43.59 MB used.
      Class:      5.95 MB used.
       Both:     49.54 MB used.

Virtual space:
  Non-class space:       64.00 MB reserved,      43.69 MB ( 68%) committed,  1 nodes.
      Class space:        1.00 GB reserved,       6.06 MB ( <1%) committed,  1 nodes.
             Both:        1.06 GB reserved,      49.75 MB (  5%) committed. 

Chunk freelists:
   Non-Class:  3.94 MB
       Class:  9.88 MB
        Both:  13.81 MB

MaxMetaspaceSize: unlimited
CompressedClassSpaceSize: 1.00 GB
Initial GC threshold: 21.00 MB
Current GC threshold: 78.69 MB
CDS: off
MetaspaceReclaimPolicy: balanced
 - commit_granule_bytes: 65536.
 - commit_granule_words: 8192.
 - virtual_space_node_default_size: 8388608.
 - enlarge_chunks_in_place: 1.
 - new_chunks_are_fully_committed: 0.
 - uncommit_free_chunks: 1.
 - use_allocation_guard: 0.
 - handle_deallocations: 1.


Internal statistics:

num_allocs_failed_limit: 3.
num_arena_births: 212.
num_arena_deaths: 0.
num_vsnodes_births: 2.
num_vsnodes_deaths: 0.
num_space_committed: 794.
num_space_uncommitted: 0.
num_chunks_returned_to_freelist: 3.
num_chunks_taken_from_freelist: 1665.
num_chunk_merges: 3.
num_chunk_splits: 1338.
num_chunks_enlarged: 1177.
num_inconsistent_stats: 0.

CodeHeap 'non-profiled nmethods': size=120000Kb used=1574Kb max_used=1574Kb free=118425Kb
 bounds [0x0000024eeac00000, 0x0000024eeae70000, 0x0000024ef2130000]
CodeHeap 'profiled nmethods': size=120000Kb used=7801Kb max_used=7801Kb free=112198Kb
 bounds [0x0000024ee3130000, 0x0000024ee38d0000, 0x0000024eea660000]
CodeHeap 'non-nmethods': size=5760Kb used=1276Kb max_used=1317Kb free=4483Kb
 bounds [0x0000024eea660000, 0x0000024eea8d0000, 0x0000024eeac00000]
 total_blobs=4338 nmethods=3740 adapters=509
 compilation: enabled
              stopped_count=0, restarted_count=0
 full_count=0

Compilation events (20 events):
Event: 6.090 Thread 0x0000024ef9356010 nmethod 3745 0x0000024ee38bec10 code [0x0000024ee38bef80, 0x0000024ee38c0368]
Event: 6.090 Thread 0x0000024ef9356010 3755       1       org.jetbrains.kotlin.serialization.deserialization.descriptors.DeserializedClassDescriptor$DeserializedClassTypeConstructor::getDeclarationDescriptor (5 bytes)
Event: 6.090 Thread 0x0000024ef9356010 nmethod 3755 0x0000024eead89590 code [0x0000024eead89720, 0x0000024eead897f8]
Event: 6.090 Thread 0x0000024ef9356010 3746       3       org.jetbrains.kotlin.load.java.structure.impl.classFiles.BinaryJavaClass::processValue (138 bytes)
Event: 6.091 Thread 0x0000024ef9356010 nmethod 3746 0x0000024ee38c0b10 code [0x0000024ee38c0d80, 0x0000024ee38c1c38]
Event: 6.091 Thread 0x0000024ef9356010 3747       3       org.jetbrains.kotlin.load.java.structure.impl.classFiles.BinaryJavaField::<init> (82 bytes)
Event: 6.093 Thread 0x0000024ef9356010 nmethod 3747 0x0000024ee38c1f90 code [0x0000024ee38c2320, 0x0000024ee38c3948]
Event: 6.093 Thread 0x0000024ef9356010 3748       3       org.jetbrains.kotlin.load.java.structure.impl.classFiles.AnnotationsCollectorFieldVisitor::<init> (40 bytes)
Event: 6.094 Thread 0x0000024ef9356010 nmethod 3748 0x0000024ee38c4110 code [0x0000024ee38c4440, 0x0000024ee38c54c8]
Event: 6.094 Thread 0x0000024ef9356010 3758       3       org.jetbrains.kotlin.serialization.deserialization.descriptors.DeserializedMemberScope::getClassNames$deserialization (17 bytes)
Event: 6.095 Thread 0x0000024ef9356010 nmethod 3758 0x0000024ee38c5a90 code [0x0000024ee38c5d40, 0x0000024ee38c69a8]
Event: 6.095 Thread 0x0000024ef9356010 3763       3       org.jetbrains.kotlin.cli.jvm.compiler.KotlinCliJavaFileManagerImpl::findVirtualFileGivenPackage (225 bytes)
Event: 6.097 Thread 0x0000024ef9356010 nmethod 3763 0x0000024ee38c6e10 code [0x0000024ee38c72e0, 0x0000024ee38c9128]
Event: 6.097 Thread 0x0000024ef9356010 3759       3       org.jetbrains.kotlin.incremental.UtilsKt::record (55 bytes)
Event: 6.099 Thread 0x0000024ef9356010 nmethod 3759 0x0000024ee38c9b10 code [0x0000024ee38c9f20, 0x0000024ee38cb668]
Event: 6.099 Thread 0x0000024ef9356010 3760       3       org.jetbrains.kotlin.incremental.UtilsKt::recordPackageLookup (94 bytes)
Event: 6.101 Thread 0x0000024ef9356010 nmethod 3760 0x0000024ee38cbf10 code [0x0000024ee38cc300, 0x0000024ee38cdb78]
Event: 6.101 Thread 0x0000024ef9356010 3749       3       org.jetbrains.org.objectweb.asm.FieldVisitor::<init> (7 bytes)
Event: 6.101 Thread 0x0000024ef9356010 nmethod 3749 0x0000024ee38ce410 code [0x0000024ee38ce5c0, 0x0000024ee38ce708]
Event: 6.101 Thread 0x0000024ef9356010 3750       3       org.jetbrains.org.objectweb.asm.FieldVisitor::<init> (94 bytes)

GC Heap History (20 events):
Event: 2.221 GC heap after
{Heap after GC invocations=4 (full 0):
 garbage-first heap   total 40960K, used 16389K [0x0000000091000000, 0x0000000100000000)
  region size 1024K, 2 young (2048K), 2 survivors (2048K)
 Metaspace       used 27352K, committed 27584K, reserved 1114112K
  class space    used 3003K, committed 3072K, reserved 1048576K
}
Event: 2.247 GC heap before
{Heap before GC invocations=4 (full 0):
 garbage-first heap   total 40960K, used 17413K [0x0000000091000000, 0x0000000100000000)
  region size 1024K, 3 young (3072K), 2 survivors (2048K)
 Metaspace       used 27757K, committed 27968K, reserved 1114112K
  class space    used 3043K, committed 3136K, reserved 1048576K
}
Event: 2.251 GC heap after
{Heap after GC invocations=5 (full 0):
 garbage-first heap   total 40960K, used 16817K [0x0000000091000000, 0x0000000100000000)
  region size 1024K, 1 young (1024K), 1 survivors (1024K)
 Metaspace       used 27757K, committed 27968K, reserved 1114112K
  class space    used 3043K, committed 3136K, reserved 1048576K
}
Event: 2.640 GC heap before
{Heap before GC invocations=5 (full 0):
 garbage-first heap   total 40960K, used 31153K [0x0000000091000000, 0x0000000100000000)
  region size 1024K, 15 young (15360K), 1 survivors (1024K)
 Metaspace       used 31521K, committed 31744K, reserved 1114112K
  class space    used 3808K, committed 3904K, reserved 1048576K
}
Event: 2.644 GC heap after
{Heap after GC invocations=6 (full 0):
 garbage-first heap   total 40960K, used 18089K [0x0000000091000000, 0x0000000100000000)
  region size 1024K, 2 young (2048K), 2 survivors (2048K)
 Metaspace       used 31521K, committed 31744K, reserved 1114112K
  class space    used 3808K, committed 3904K, reserved 1048576K
}
Event: 2.831 GC heap before
{Heap before GC invocations=6 (full 0):
 garbage-first heap   total 40960K, used 32425K [0x0000000091000000, 0x0000000100000000)
  region size 1024K, 15 young (15360K), 2 survivors (2048K)
 Metaspace       used 31590K, committed 31808K, reserved 1114112K
  class space    used 3812K, committed 3904K, reserved 1048576K
}
Event: 2.844 GC heap after
{Heap after GC invocations=7 (full 0):
 garbage-first heap   total 40960K, used 24372K [0x0000000091000000, 0x0000000100000000)
  region size 1024K, 2 young (2048K), 2 survivors (2048K)
 Metaspace       used 31590K, committed 31808K, reserved 1114112K
  class space    used 3812K, committed 3904K, reserved 1048576K
}
Event: 3.142 GC heap before
{Heap before GC invocations=7 (full 0):
 garbage-first heap   total 40960K, used 30516K [0x0000000091000000, 0x0000000100000000)
  region size 1024K, 9 young (9216K), 2 survivors (2048K)
 Metaspace       used 33848K, committed 34048K, reserved 1114112K
  class space    used 4291K, committed 4352K, reserved 1048576K
}
Event: 3.149 GC heap after
{Heap after GC invocations=8 (full 0):
 garbage-first heap   total 65536K, used 25224K [0x0000000091000000, 0x0000000100000000)
  region size 1024K, 1 young (1024K), 1 survivors (1024K)
 Metaspace       used 33848K, committed 34048K, reserved 1114112K
  class space    used 4291K, committed 4352K, reserved 1048576K
}
Event: 3.920 GC heap before
{Heap before GC invocations=9 (full 0):
 garbage-first heap   total 65536K, used 47752K [0x0000000091000000, 0x0000000100000000)
  region size 1024K, 23 young (23552K), 1 survivors (1024K)
 Metaspace       used 38037K, committed 38208K, reserved 1114112K
  class space    used 4749K, committed 4800K, reserved 1048576K
}
Event: 3.929 GC heap after
{Heap after GC invocations=10 (full 0):
 garbage-first heap   total 65536K, used 25998K [0x0000000091000000, 0x0000000100000000)
  region size 1024K, 3 young (3072K), 3 survivors (3072K)
 Metaspace       used 38037K, committed 38208K, reserved 1114112K
  class space    used 4749K, committed 4800K, reserved 1048576K
}
Event: 3.968 GC heap before
{Heap before GC invocations=10 (full 0):
 garbage-first heap   total 65536K, used 27022K [0x0000000091000000, 0x0000000100000000)
  region size 1024K, 4 young (4096K), 3 survivors (3072K)
 Metaspace       used 38323K, committed 38528K, reserved 1114112K
  class space    used 4792K, committed 4864K, reserved 1048576K
}
Event: 3.976 GC heap after
{Heap after GC invocations=11 (full 0):
 garbage-first heap   total 65536K, used 26322K [0x0000000091000000, 0x0000000100000000)
  region size 1024K, 1 young (1024K), 1 survivors (1024K)
 Metaspace       used 38323K, committed 38528K, reserved 1114112K
  class space    used 4792K, committed 4864K, reserved 1048576K
}
Event: 4.662 GC heap before
{Heap before GC invocations=11 (full 0):
 garbage-first heap   total 65536K, used 46802K [0x0000000091000000, 0x0000000100000000)
  region size 1024K, 22 young (22528K), 1 survivors (1024K)
 Metaspace       used 42562K, committed 42816K, reserved 1114112K
  class space    used 5163K, committed 5312K, reserved 1048576K
}
Event: 4.668 GC heap after
{Heap after GC invocations=12 (full 0):
 garbage-first heap   total 65536K, used 29225K [0x0000000091000000, 0x0000000100000000)
  region size 1024K, 3 young (3072K), 3 survivors (3072K)
 Metaspace       used 42562K, committed 42816K, reserved 1114112K
  class space    used 5163K, committed 5312K, reserved 1048576K
}
Event: 5.422 GC heap before
{Heap before GC invocations=12 (full 0):
 garbage-first heap   total 65536K, used 48681K [0x0000000091000000, 0x0000000100000000)
  region size 1024K, 22 young (22528K), 3 survivors (3072K)
 Metaspace       used 47563K, committed 47808K, reserved 1114112K
  class space    used 5693K, committed 5824K, reserved 1048576K
}
Event: 5.431 GC heap after
{Heap after GC invocations=13 (full 0):
 garbage-first heap   total 65536K, used 30881K [0x0000000091000000, 0x0000000100000000)
  region size 1024K, 2 young (2048K), 2 survivors (2048K)
 Metaspace       used 47563K, committed 47808K, reserved 1114112K
  class space    used 5693K, committed 5824K, reserved 1048576K
}
Event: 5.478 GC heap before
{Heap before GC invocations=13 (full 0):
 garbage-first heap   total 65536K, used 32929K [0x0000000091000000, 0x0000000100000000)
  region size 1024K, 5 young (5120K), 2 survivors (2048K)
 Metaspace       used 47872K, committed 48192K, reserved 1114112K
  class space    used 5725K, committed 5888K, reserved 1048576K
}
Event: 5.484 GC heap after
{Heap after GC invocations=14 (full 0):
 garbage-first heap   total 65536K, used 31332K [0x0000000091000000, 0x0000000100000000)
  region size 1024K, 1 young (1024K), 1 survivors (1024K)
 Metaspace       used 47872K, committed 48192K, reserved 1114112K
  class space    used 5725K, committed 5888K, reserved 1048576K
}
Event: 6.102 GC heap before
{Heap before GC invocations=15 (full 0):
 garbage-first heap   total 65536K, used 51812K [0x0000000091000000, 0x0000000100000000)
  region size 1024K, 19 young (19456K), 1 survivors (1024K)
 Metaspace       used 50731K, committed 50944K, reserved 1114112K
  class space    used 6092K, committed 6208K, reserved 1048576K
}

Dll operation events (2 events):
Event: 0.011 Loaded shared library D:\Program Files (x86)\AndroidStudio\jbr\bin\java.dll
Event: 1.346 Loaded shared library D:\Program Files (x86)\AndroidStudio\jbr\bin\verify.dll

Deoptimization events (20 events):
Event: 5.499 Thread 0x0000024edfc50b80 DEOPT PACKING pc=0x0000024eeac25554 sp=0x0000009237df7c10
Event: 5.499 Thread 0x0000024edfc50b80 DEOPT UNPACKING pc=0x0000024eea6b69a3 sp=0x0000009237df7b40 mode 2
Event: 5.499 Thread 0x0000024edfc50b80 Uncommon trap: trap_request=0xffffff45 fr.pc=0x0000024eeaccdc30 relative=0x0000000000000210
Event: 5.499 Thread 0x0000024edfc50b80 Uncommon trap: reason=unstable_if action=reinterpret pc=0x0000024eeaccdc30 method=java.lang.String.startsWith(Ljava/lang/String;I)Z @ 50 c2
Event: 5.499 Thread 0x0000024edfc50b80 DEOPT PACKING pc=0x0000024eeaccdc30 sp=0x0000009237df7c80
Event: 5.499 Thread 0x0000024edfc50b80 DEOPT UNPACKING pc=0x0000024eea6b69a3 sp=0x0000009237df7be0 mode 2
Event: 5.500 Thread 0x0000024edfc50b80 Uncommon trap: trap_request=0xffffff45 fr.pc=0x0000024eead1c9cc relative=0x000000000000068c
Event: 5.500 Thread 0x0000024edfc50b80 Uncommon trap: reason=unstable_if action=reinterpret pc=0x0000024eead1c9cc method=java.lang.String.lastIndexOf(II)I @ 4 c2
Event: 5.500 Thread 0x0000024edfc50b80 DEOPT PACKING pc=0x0000024eead1c9cc sp=0x0000009237df7cc0
Event: 5.500 Thread 0x0000024edfc50b80 DEOPT UNPACKING pc=0x0000024eea6b69a3 sp=0x0000009237df7bb0 mode 2
Event: 5.554 Thread 0x0000024edfc50b80 DEOPT PACKING pc=0x0000024ee34f7ba4 sp=0x0000009237dfe2b0
Event: 5.554 Thread 0x0000024edfc50b80 DEOPT UNPACKING pc=0x0000024eea6b7143 sp=0x0000009237dfd808 mode 0
Event: 5.596 Thread 0x0000024edfc50b80 DEOPT PACKING pc=0x0000024ee34f7ba4 sp=0x0000009237dfcba0
Event: 5.596 Thread 0x0000024edfc50b80 DEOPT UNPACKING pc=0x0000024eea6b7143 sp=0x0000009237dfc0f8 mode 0
Event: 5.775 Thread 0x0000024edfc50b80 DEOPT PACKING pc=0x0000024ee36b0465 sp=0x0000009237dfaab0
Event: 5.775 Thread 0x0000024edfc50b80 DEOPT UNPACKING pc=0x0000024eea6b7143 sp=0x0000009237df9f28 mode 0
Event: 5.989 Thread 0x0000024edfc50b80 DEOPT PACKING pc=0x0000024ee34f7ba4 sp=0x0000009237df8cc0
Event: 5.989 Thread 0x0000024edfc50b80 DEOPT UNPACKING pc=0x0000024eea6b7143 sp=0x0000009237df8218 mode 0
Event: 6.035 Thread 0x0000024edfc50b80 DEOPT PACKING pc=0x0000024ee36b0465 sp=0x0000009237df9ab0
Event: 6.035 Thread 0x0000024edfc50b80 DEOPT UNPACKING pc=0x0000024eea6b7143 sp=0x0000009237df8f00 mode 0

Classes unloaded (0 events):
No events

Classes redefined (0 events):
No events

Internal exceptions (20 events):
Event: 1.350 Thread 0x0000024edfc50b80 Exception <a 'java/lang/NoSuchMethodError'{0x0000000096a8c840}: 'java.lang.Object java.lang.invoke.DirectMethodHandle$Holder.invokeStaticInit(java.lang.Object)'> (0x0000000096a8c840) 
thrown [s\src\hotspot\share\interpreter\linkResolver.cpp, line 771]
Event: 1.564 Thread 0x0000024edfc50b80 Exception <a 'java/lang/NoSuchMethodError'{0x0000000095f5e9b0}: 'java.lang.Object java.lang.invoke.DirectMethodHandle$Holder.invokeStaticInit(java.lang.Object, int)'> (0x0000000095f5e9b0) 
thrown [s\src\hotspot\share\interpreter\linkResolver.cpp, line 771]
Event: 1.575 Thread 0x0000024edfc50b80 Exception <a 'java/lang/NoSuchMethodError'{0x0000000095fde6b0}: 'void java.lang.invoke.DirectMethodHandle$Holder.invokeStatic(java.lang.Object, java.lang.Object)'> (0x0000000095fde6b0) 
thrown [s\src\hotspot\share\interpreter\linkResolver.cpp, line 771]
Event: 1.604 Thread 0x0000024edfc50b80 Exception <a 'java/lang/NoSuchMethodError'{0x0000000095d17150}: 'long java.lang.invoke.DirectMethodHandle$Holder.invokeStatic(java.lang.Object)'> (0x0000000095d17150) 
thrown [s\src\hotspot\share\interpreter\linkResolver.cpp, line 771]
Event: 1.605 Thread 0x0000024edfc50b80 Exception <a 'java/lang/NoSuchMethodError'{0x0000000095d1a8a8}: 'long java.lang.invoke.DirectMethodHandle$Holder.invokeStaticInit(java.lang.Object)'> (0x0000000095d1a8a8) 
thrown [s\src\hotspot\share\interpreter\linkResolver.cpp, line 771]
Event: 1.707 Thread 0x0000024edfc50b80 Exception <a 'java/lang/NoSuchMethodError'{0x0000000093057530}: 'int java.lang.invoke.DirectMethodHandle$Holder.invokeStaticInit(java.lang.Object, java.lang.Object, java.lang.Object)'> (0x0000000093057530) 
thrown [s\src\hotspot\share\interpreter\linkResolver.cpp, line 771]
Event: 1.715 Thread 0x0000024edfc50b80 Exception <a 'java/lang/NoSuchMethodError'{0x000000009307ec68}: 'int java.lang.invoke.DirectMethodHandle$Holder.invokeStaticInit(java.lang.Object, java.lang.Object)'> (0x000000009307ec68) 
thrown [s\src\hotspot\share\interpreter\linkResolver.cpp, line 771]
Event: 1.743 Thread 0x0000024edfc50b80 Exception <a 'java/lang/NoSuchMethodError'{0x0000000092f59b68}: 'void java.lang.invoke.DirectMethodHandle$Holder.invokeSpecial(java.lang.Object, java.lang.Object, java.lang.Object)'> (0x0000000092f59b68) 
thrown [s\src\hotspot\share\interpreter\linkResolver.cpp, line 771]
Event: 2.132 Thread 0x0000024edfc50b80 Exception <a 'java/lang/NoSuchMethodError'{0x0000000092312840}: 'void java.lang.invoke.DirectMethodHandle$Holder.invokeStatic(java.lang.Object, java.lang.Object, java.lang.Object, java.lang.Object)'> (0x0000000092312840) 
thrown [s\src\hotspot\share\interpreter\linkResolver.cpp, line 771]
Event: 2.236 Thread 0x0000024edfc50b80 Exception <a 'java/lang/NoSuchMethodError'{0x0000000097fbd4d8}: 'void java.lang.invoke.DirectMethodHandle$Holder.invokeStaticInit(java.lang.Object, java.lang.Object)'> (0x0000000097fbd4d8) 
thrown [s\src\hotspot\share\interpreter\linkResolver.cpp, line 771]
Event: 2.349 Thread 0x0000024edfc50b80 Exception <a 'java/lang/NoSuchMethodError'{0x000000009326d500}: 'void java.lang.invoke.DirectMethodHandle$Holder.invokeVirtual(java.lang.Object, java.lang.Object)'> (0x000000009326d500) 
thrown [s\src\hotspot\share\interpreter\linkResolver.cpp, line 771]
Event: 2.357 Thread 0x0000024edfc50b80 Exception <a 'java/lang/NoSuchMethodError'{0x00000000932bdbe0}: 'int java.lang.invoke.DirectMethodHandle$Holder.invokeVirtual(java.lang.Object, java.lang.Object)'> (0x00000000932bdbe0) 
thrown [s\src\hotspot\share\interpreter\linkResolver.cpp, line 771]
Event: 2.376 Thread 0x0000024edfc50b80 Exception <a 'java/lang/NoSuchMethodError'{0x0000000093164770}: 'java.lang.Object java.lang.invoke.Invokers$Holder.invokeExact_MT(java.lang.Object, java.lang.Object, java.lang.Object, java.lang.Object, java.lang.Object, java.lang.Object)'> (0x0000000093164770) 
thrown [s\src\hotspot\share\interpreter\linkResolver.cpp, line 771]
Event: 3.506 Thread 0x0000024edfc50b80 Exception <a 'java/lang/NoSuchMethodError'{0x00000000945eac80}: 'java.lang.Object java.lang.invoke.DirectMethodHandle$Holder.invokeVirtual(java.lang.Object, java.lang.Object, java.lang.Object)'> (0x00000000945eac80) 
thrown [s\src\hotspot\share\interpreter\linkResolver.cpp, line 771]
Event: 4.973 Thread 0x0000024edfc50b80 Exception <a 'java/lang/NoSuchMethodError'{0x00000000948e1198}: 'java.lang.Object java.lang.invoke.DirectMethodHandle$Holder.newInvokeSpecial(java.lang.Object, java.lang.Object, int)'> (0x00000000948e1198) 
thrown [s\src\hotspot\share\interpreter\linkResolver.cpp, line 771]
Event: 5.173 Thread 0x0000024edfc50b80 Implicit null exception at 0x0000024eead4bdcc to 0x0000024eead4bea8
Event: 5.192 Thread 0x0000024edfc50b80 Exception <a 'java/lang/NoSuchMethodError'{0x00000000944dd4d0}: 'java.lang.Object java.lang.invoke.DirectMethodHandle$Holder.invokeInterface(java.lang.Object, java.lang.Object)'> (0x00000000944dd4d0) 
thrown [s\src\hotspot\share\interpreter\linkResolver.cpp, line 771]
Event: 5.689 Thread 0x0000024edfc50b80 Exception <a 'java/lang/NoSuchMethodError'{0x00000000949de1a8}: 'java.lang.Object java.lang.invoke.DirectMethodHandle$Holder.newInvokeSpecial(java.lang.Object, java.lang.Object, java.lang.Object, int)'> (0x00000000949de1a8) 
thrown [s\src\hotspot\share\interpreter\linkResolver.cpp, line 771]
Event: 5.689 Thread 0x0000024edfc50b80 Exception <a 'java/lang/NoSuchMethodError'{0x00000000949e2830}: 'java.lang.Object java.lang.invoke.DirectMethodHandle$Holder.invokeSpecial(java.lang.Object, java.lang.Object, java.lang.Object, java.lang.Object, int)'> (0x00000000949e2830) 
thrown [s\src\hotspot\share\interpreter\linkResolver.cpp, line 771]
Event: 5.691 Thread 0x0000024edfc50b80 Exception <a 'java/lang/NoSuchMethodError'{0x00000000949e66a0}: 'java.lang.Object java.lang.invoke.Invokers$Holder.linkToTargetMethod(java.lang.Object, java.lang.Object, int, java.lang.Object)'> (0x00000000949e66a0) 
thrown [s\src\hotspot\share\interpreter\linkResolver.cpp, line 771]

VM Operations (20 events):
Event: 5.286 Executing VM operation: HandshakeAllThreads done
Event: 5.377 Executing VM operation: HandshakeAllThreads
Event: 5.377 Executing VM operation: HandshakeAllThreads done
Event: 5.422 Executing VM operation: G1CollectForAllocation
Event: 5.431 Executing VM operation: G1CollectForAllocation done
Event: 5.478 Executing VM operation: G1TryInitiateConcMark
Event: 5.484 Executing VM operation: G1TryInitiateConcMark done
Event: 5.512 Executing VM operation: G1Concurrent
Event: 5.516 Executing VM operation: G1Concurrent done
Event: 5.520 Executing VM operation: HandshakeAllThreads
Event: 5.520 Executing VM operation: HandshakeAllThreads done
Event: 5.528 Executing VM operation: G1Concurrent
Event: 5.528 Executing VM operation: G1Concurrent done
Event: 5.668 Executing VM operation: HandshakeAllThreads
Event: 5.668 Executing VM operation: HandshakeAllThreads done
Event: 5.765 Executing VM operation: HandshakeAllThreads
Event: 5.765 Executing VM operation: HandshakeAllThreads done
Event: 5.991 Executing VM operation: HandshakeAllThreads
Event: 5.991 Executing VM operation: HandshakeAllThreads done
Event: 6.101 Executing VM operation: G1CollectForAllocation

Events (20 events):
Event: 4.932 loading class java/util/PrimitiveIterator$OfInt
Event: 4.932 loading class java/util/PrimitiveIterator
Event: 4.932 loading class java/util/PrimitiveIterator done
Event: 4.933 loading class java/util/PrimitiveIterator$OfInt done
Event: 4.960 loading class java/util/AbstractMap$SimpleImmutableEntry
Event: 4.961 loading class java/util/AbstractMap$SimpleImmutableEntry done
Event: 4.972 loading class java/util/function/IntUnaryOperator
Event: 4.972 loading class java/util/function/IntUnaryOperator done
Event: 5.667 loading class java/util/ArrayList$ListItr
Event: 5.667 loading class java/util/ArrayList$ListItr done
Event: 5.764 loading class java/util/AbstractList$SubList$1
Event: 5.764 loading class java/util/AbstractList$SubList$1 done
Event: 5.764 loading class java/util/AbstractList$ListItr
Event: 5.765 loading class java/util/AbstractList$ListItr done
Event: 5.781 loading class java/text/StringCharacterIterator
Event: 5.781 loading class java/text/CharacterIterator
Event: 5.782 loading class java/text/CharacterIterator done
Event: 5.782 loading class java/text/StringCharacterIterator done
Event: 5.974 loading class java/util/Collections$SingletonMap
Event: 5.974 loading class java/util/Collections$SingletonMap done


Dynamic libraries:
0x00007ff775f30000 - 0x00007ff775f3a000 	D:\Program Files (x86)\AndroidStudio\jbr\bin\java.exe
0x00007ffb9cf10000 - 0x00007ffb9d108000 	C:\WINDOWS\SYSTEM32\ntdll.dll
0x00007ffb9cc00000 - 0x00007ffb9ccbd000 	C:\WINDOWS\System32\KERNEL32.DLL
0x00007ffb9ac50000 - 0x00007ffb9af46000 	C:\WINDOWS\System32\KERNELBASE.dll
0x00007ffb9a5d0000 - 0x00007ffb9a6d0000 	C:\WINDOWS\System32\ucrtbase.dll
0x00007ffb94040000 - 0x00007ffb9405b000 	D:\Program Files (x86)\AndroidStudio\jbr\bin\VCRUNTIME140.dll
0x00007ffb91d50000 - 0x00007ffb91d67000 	D:\Program Files (x86)\AndroidStudio\jbr\bin\jli.dll
0x00007ffb9ccc0000 - 0x00007ffb9ce5e000 	C:\WINDOWS\System32\USER32.dll
0x00007ffb9a8d0000 - 0x00007ffb9a8f2000 	C:\WINDOWS\System32\win32u.dll
0x00007ffb88e10000 - 0x00007ffb890aa000 	C:\WINDOWS\WinSxS\amd64_microsoft.windows.common-controls_6595b64144ccf1df_6.0.19041.3636_none_60b6a03d71f818d5\COMCTL32.dll
0x00007ffb9c420000 - 0x00007ffb9c44b000 	C:\WINDOWS\System32\GDI32.dll
0x00007ffb9c320000 - 0x00007ffb9c3be000 	C:\WINDOWS\System32\msvcrt.dll
0x00007ffb9a7b0000 - 0x00007ffb9a8c7000 	C:\WINDOWS\System32\gdi32full.dll
0x00007ffb9a900000 - 0x00007ffb9a99d000 	C:\WINDOWS\System32\msvcp_win.dll
0x00007ffb9b790000 - 0x00007ffb9b7c2000 	C:\WINDOWS\System32\IMM32.DLL
0x00007ffb956b0000 - 0x00007ffb956bc000 	D:\Program Files (x86)\AndroidStudio\jbr\bin\vcruntime140_1.dll
0x00007ffb62540000 - 0x00007ffb625cd000 	D:\Program Files (x86)\AndroidStudio\jbr\bin\msvcp140.dll
0x00007ffb45450000 - 0x00007ffb460d0000 	D:\Program Files (x86)\AndroidStudio\jbr\bin\server\jvm.dll
0x00007ffb9b900000 - 0x00007ffb9b9b3000 	C:\WINDOWS\System32\ADVAPI32.dll
0x00007ffb9b580000 - 0x00007ffb9b61f000 	C:\WINDOWS\System32\sechost.dll
0x00007ffb9bd80000 - 0x00007ffb9bea6000 	C:\WINDOWS\System32\RPCRT4.dll
0x00007ffb9ab00000 - 0x00007ffb9ab27000 	C:\WINDOWS\System32\bcrypt.dll
0x00007ffb860f0000 - 0x00007ffb860f9000 	C:\WINDOWS\SYSTEM32\WSOCK32.dll
0x00007ffb9ce60000 - 0x00007ffb9cecb000 	C:\WINDOWS\System32\WS2_32.dll
0x00007ffb98d70000 - 0x00007ffb98d97000 	C:\WINDOWS\SYSTEM32\WINMM.dll
0x00007ffb8f7a0000 - 0x00007ffb8f7aa000 	C:\WINDOWS\SYSTEM32\VERSION.dll
0x00007ffb98e20000 - 0x00007ffb98e32000 	C:\WINDOWS\SYSTEM32\kernel.appcore.dll
0x00007ffb956a0000 - 0x00007ffb956aa000 	D:\Program Files (x86)\AndroidStudio\jbr\bin\jimage.dll
0x00007ffb98900000 - 0x00007ffb98ae4000 	C:\WINDOWS\SYSTEM32\DBGHELP.DLL
0x00007ffb8c640000 - 0x00007ffb8c674000 	C:\WINDOWS\SYSTEM32\dbgcore.DLL
0x00007ffb9a6d0000 - 0x00007ffb9a752000 	C:\WINDOWS\System32\bcryptPrimitives.dll
0x00007ffb92c30000 - 0x00007ffb92c55000 	D:\Program Files (x86)\AndroidStudio\jbr\bin\java.dll
0x00007ffb93db0000 - 0x00007ffb93dc8000 	D:\Program Files (x86)\AndroidStudio\jbr\bin\zip.dll
0x00007ffb9c4b0000 - 0x00007ffb9cbf5000 	C:\WINDOWS\System32\SHELL32.dll
0x00007ffb98090000 - 0x00007ffb9882c000 	C:\WINDOWS\SYSTEM32\windows.storage.dll
0x00007ffb9b110000 - 0x00007ffb9b464000 	C:\WINDOWS\System32\combase.dll
0x00007ffb99f30000 - 0x00007ffb99f5e000 	C:\WINDOWS\SYSTEM32\Wldp.dll
0x00007ffb9b9f0000 - 0x00007ffb9babd000 	C:\WINDOWS\System32\OLEAUT32.dll
0x00007ffb9b470000 - 0x00007ffb9b51d000 	C:\WINDOWS\System32\SHCORE.dll
0x00007ffb9c3c0000 - 0x00007ffb9c415000 	C:\WINDOWS\System32\shlwapi.dll
0x00007ffb9a500000 - 0x00007ffb9a525000 	C:\WINDOWS\SYSTEM32\profapi.dll
0x00007ffb92090000 - 0x00007ffb920a9000 	D:\Program Files (x86)\AndroidStudio\jbr\bin\net.dll
0x00007ffb91620000 - 0x00007ffb9172a000 	C:\WINDOWS\SYSTEM32\WINHTTP.dll
0x00007ffb99c70000 - 0x00007ffb99cda000 	C:\WINDOWS\system32\mswsock.dll
0x00007ffb92070000 - 0x00007ffb92086000 	D:\Program Files (x86)\AndroidStudio\jbr\bin\nio.dll
0x00007ffb91f80000 - 0x00007ffb91f90000 	D:\Program Files (x86)\AndroidStudio\jbr\bin\verify.dll

dbghelp: loaded successfully - version: 4.0.5 - missing functions: none
symbol engine: initialized successfully - sym options: 0x614 - pdb path: .;D:\Program Files (x86)\AndroidStudio\jbr\bin;C:\WINDOWS\SYSTEM32;C:\WINDOWS\WinSxS\amd64_microsoft.windows.common-controls_6595b64144ccf1df_6.0.19041.3636_none_60b6a03d71f818d5;D:\Program Files (x86)\AndroidStudio\jbr\bin\server

VM Arguments:
java_command: org.jetbrains.kotlin.cli.jvm.K2JVMCompiler @D:\studioProjects\DataStorage\DataStorage\app\build\20240308_6158033808039177990.compiler.options
java_class_path (initial): C:\Users\etoth\.gradle\caches\modules-2\files-2.1\org.jetbrains.kotlin\kotlin-compiler-embeddable\1.8.10\b0757fd774344d54ce93f5ad6c30ba1c1731c8ff\kotlin-compiler-embeddable-1.8.10.jar;C:\Users\etoth\.gradle\caches\modules-2\files-2.1\org.jetbrains.kotlin\kotlin-stdlib\1.8.10\6d5560a229477df9406943d5feda5618e98eb64c\kotlin-stdlib-1.8.10.jar;C:\Users\etoth\.gradle\caches\modules-2\files-2.1\org.jetbrains.kotlin\kotlin-script-runtime\1.8.10\b13ea9c7e46d589139e56086a878763290e20bd5\kotlin-script-runtime-1.8.10.jar;C:\Users\etoth\.gradle\caches\modules-2\files-2.1\org.jetbrains.kotlin\kotlin-reflect\1.6.10\1cbe9c92c12a94eea200d23c2bbaedaf3daf5132\kotlin-reflect-1.6.10.jar;C:\Users\etoth\.gradle\caches\modules-2\files-2.1\org.jetbrains.kotlin\kotlin-daemon-embeddable\1.8.10\ad8541d9bc1cf9e52c3204161247910c2cf601d4\kotlin-daemon-embeddable-1.8.10.jar;C:\Users\etoth\.gradle\caches\modules-2\files-2.1\org.jetbrains.intellij.deps\trove4j\1.0.20200330\3afb14d5f9ceb459d724e907a21145e8ff394f02\trove4j-1.0.20200330.jar;C:\Users\etoth\.gradle\caches\modules-2\files-2.1\net.java.dev.jna\jna\5.6.0\330f2244e9030119ab3030fc3fededc86713d9cc\jna-5.6.0.jar;C:\Users\etoth\.gradle\caches\modules-2\files-2.1\org.jetbrains.kotlin\kotlin-stdlib-common\1.8.10\a61b182458550492c12aee66157d7b524a63a5ec\kotlin-stdlib-common-1.8.10.jar;C:\Users\etoth\.gradle\caches\modules-2\files-2.1\org.jetbrains\annotations\13.0\919f0dfe192fb4e063e7dacadee7f8bb9a2672a9\annotations-13.0.jar
Launcher Type: SUN_STANDARD

[Global flags]
     intx CICompilerCount                          = 4                                         {product} {ergonomic}
     uint ConcGCThreads                            = 2                                         {product} {ergonomic}
     uint G1ConcRefinementThreads                  = 8                                         {product} {ergonomic}
   size_t G1HeapRegionSize                         = 1048576                                   {product} {ergonomic}
    uintx GCDrainStackTargetSize                   = 64                                        {product} {ergonomic}
   size_t InitialHeapSize                          = 117440512                                 {product} {ergonomic}
   size_t MarkStackSize                            = 4194304                                   {product} {ergonomic}
   size_t MaxHeapSize                              = 1862270976                                {product} {ergonomic}
   size_t MaxNewSize                               = 1116733440                                {product} {ergonomic}
   size_t MinHeapDeltaBytes                        = 1048576                                   {product} {ergonomic}
   size_t MinHeapSize                              = 8388608                                   {product} {ergonomic}
    uintx NonNMethodCodeHeapSize                   = 5839372                                {pd product} {ergonomic}
    uintx NonProfiledCodeHeapSize                  = 122909434                              {pd product} {ergonomic}
    uintx ProfiledCodeHeapSize                     = 122909434                              {pd product} {ergonomic}
    uintx ReservedCodeCacheSize                    = 251658240                              {pd product} {ergonomic}
     bool SegmentedCodeCache                       = true                                      {product} {ergonomic}
   size_t SoftMaxHeapSize                          = 1862270976                             {manageable} {ergonomic}
     bool UseCompressedClassPointers               = true                           {product lp64_product} {ergonomic}
     bool UseCompressedOops                        = true                           {product lp64_product} {ergonomic}
     bool UseG1GC                                  = true                                      {product} {ergonomic}
     bool UseLargePagesIndividualAllocation        = false                                  {pd product} {ergonomic}

Logging:
Log output configuration:
 #0: stdout all=warning uptime,level,tags
 #1: stderr all=off uptime,level,tags

Environment Variables:
JAVA_HOME=D:\Oracle OpenJDK
PATH=C:\Program Files (x86)\VMware\VMware Player\bin\;C:\Python311\Scripts\;C:\Python311\;C:\Program Files\Common Files\Oracle\Java\javapath;C:\ProgramData\Oracle\Java\javapath;C:\WINDOWS\system32;C:\WINDOWS;C:\WINDOWS\System32\Wbem;C:\WINDOWS\System32\WindowsPowerShell\v1.0\;C:\WINDOWS\System32\OpenSSH\;C;D:\Git\cmd;C:\ProgramData\chocolatey\bin;D:\Oracle OpenJDK\bin;;D:\Microsoft VS Code\bin
USERNAME=etoth
OS=Windows_NT
PROCESSOR_IDENTIFIER=AMD64 Family 23 Model 24 Stepping 1, AuthenticAMD
TMP=C:\Users\etoth\AppData\Local\Temp
TEMP=C:\Users\etoth\AppData\Local\Temp


JNI global refs:
JNI global refs: 11, weak refs: 9

JNI global refs memory usage: 843, weak refs: 841

OOME stack traces (most recent first):
Classloader memory used:
Loader jdk.internal.loader.ClassLoaders$AppClassLoader                                 : 4570K
Loader bootstrap                                                                       : 1585K
Loader java.net.URLClassLoader                                                         : 144K
Loader jdk.internal.loader.ClassLoaders$PlatformClassLoader                            : 34360B
Loader jdk.internal.reflect.DelegatingClassLoader                                      : 8170B


---------------  S Y S T E M  ---------------

OS:
 Windows 10 , 64 bit Build 19041 (10.0.19041.3636)
OS uptime: 2 days 4:20 hours
Hyper-V role detected

CPU: total 8 (initial active 8) (8 cores per cpu, 2 threads per core) family 23 model 24 stepping 1 microcode 0x0, cx8, cmov, fxsr, ht, mmx, 3dnowpref, sse, sse2, sse3, ssse3, sse4a, sse4.1, sse4.2, popcnt, lzcnt, tsc, tscinvbit, avx, avx2, aes, clmul, bmi1, bmi2, adx, sha, fma, vzeroupper, clflush, clflushopt, hv

Memory: 4k page, system-wide physical 7103M (374M free)
TotalPageFile size 21813M (AvailPageFile size 11M)
current process WorkingSet (physical memory assigned to process): 191M, peak: 194M
current process commit charge ("private bytes"): 247M, peak: 266M

vm_info: OpenJDK 64-Bit Server VM (17.0.7+0-b2043.56-10550314) for windows-amd64 JRE (17.0.7+0-b2043.56-10550314), built on Jul 24 2023 18:27:45 by "androidbuild" with MS VC++ 16.10 / 16.11 (VS2019)

END.
